Determining if the pthread_create exist failed with the following output:
Change Dir: /root/workspace/github/CPlusProject/KSDataConnector/external_lib/log4cplus/src/lib-log4cplus-build/CMakeFiles/CMakeTmp

Run Build Command:"/usr/bin/make" "cmTryCompileExec3084773500/fast"
make[3]: Entering directory `/root/workspace/github/CPlusProject/KSDataConnector/external_lib/log4cplus/src/lib-log4cplus-build/CMakeFiles/CMakeTmp'
/usr/bin/make -f CMakeFiles/cmTryCompileExec3084773500.dir/build.make CMakeFiles/cmTryCompileExec3084773500.dir/build
make[4]: Entering directory `/root/workspace/github/CPlusProject/KSDataConnector/external_lib/log4cplus/src/lib-log4cplus-build/CMakeFiles/CMakeTmp'
/root/Programs/cmake-3.2.0/bin/cmake -E cmake_progress_report /root/workspace/github/CPlusProject/KSDataConnector/external_lib/log4cplus/src/lib-log4cplus-build/CMakeFiles/CMakeTmp/CMakeFiles 1
Building C object CMakeFiles/cmTryCompileExec3084773500.dir/CheckSymbolExists.c.o
/usr/bin/cc    -o CMakeFiles/cmTryCompileExec3084773500.dir/CheckSymbolExists.c.o   -c /root/workspace/github/CPlusProject/KSDataConnector/external_lib/log4cplus/src/lib-log4cplus-build/CMakeFiles/CMakeTmp/CheckSymbolExists.c
Linking C executable cmTryCompileExec3084773500
/root/Programs/cmake-3.2.0/bin/cmake -E cmake_link_script CMakeFiles/cmTryCompileExec3084773500.dir/link.txt --verbose=1
/usr/bin/cc       CMakeFiles/cmTryCompileExec3084773500.dir/CheckSymbolExists.c.o  -o cmTryCompileExec3084773500 -rdynamic 
CMakeFiles/cmTryCompileExec3084773500.dir/CheckSymbolExists.c.o: In function `main':
CheckSymbolExists.c:(.text+0x16): undefined reference to `pthread_create'
collect2: error: ld returned 1 exit status
make[4]: Leaving directory `/root/workspace/github/CPlusProject/KSDataConnector/external_lib/log4cplus/src/lib-log4cplus-build/CMakeFiles/CMakeTmp'
make[3]: Leaving directory `/root/workspace/github/CPlusProject/KSDataConnector/external_lib/log4cplus/src/lib-log4cplus-build/CMakeFiles/CMakeTmp'
make[4]: *** [cmTryCompileExec3084773500] Error 1
make[3]: *** [cmTryCompileExec3084773500/fast] Error 2

File /root/workspace/github/CPlusProject/KSDataConnector/external_lib/log4cplus/src/lib-log4cplus-build/CMakeFiles/CMakeTmp/CheckSymbolExists.c:
/* */
#include <pthread.h>

int main(int argc, char** argv)
{
  (void)argv;
#ifndef pthread_create
  return ((int*)(&pthread_create))[argc];
#else
  (void)argc;
  return 0;
#endif
}

Determining if the function pthread_create exists in the pthreads failed with the following output:
Change Dir: /root/workspace/github/CPlusProject/KSDataConnector/external_lib/log4cplus/src/lib-log4cplus-build/CMakeFiles/CMakeTmp

Run Build Command:"/usr/bin/make" "cmTryCompileExec1799390594/fast"
make[3]: Entering directory `/root/workspace/github/CPlusProject/KSDataConnector/external_lib/log4cplus/src/lib-log4cplus-build/CMakeFiles/CMakeTmp'
/usr/bin/make -f CMakeFiles/cmTryCompileExec1799390594.dir/build.make CMakeFiles/cmTryCompileExec1799390594.dir/build
make[4]: Entering directory `/root/workspace/github/CPlusProject/KSDataConnector/external_lib/log4cplus/src/lib-log4cplus-build/CMakeFiles/CMakeTmp'
/root/Programs/cmake-3.2.0/bin/cmake -E cmake_progress_report /root/workspace/github/CPlusProject/KSDataConnector/external_lib/log4cplus/src/lib-log4cplus-build/CMakeFiles/CMakeTmp/CMakeFiles 1
Building C object CMakeFiles/cmTryCompileExec1799390594.dir/CheckFunctionExists.c.o
/usr/bin/cc   -DCHECK_FUNCTION_EXISTS=pthread_create   -o CMakeFiles/cmTryCompileExec1799390594.dir/CheckFunctionExists.c.o   -c /root/Programs/cmake-3.2.0/share/cmake-3.2/Modules/CheckFunctionExists.c
Linking C executable cmTryCompileExec1799390594
/root/Programs/cmake-3.2.0/bin/cmake -E cmake_link_script CMakeFiles/cmTryCompileExec1799390594.dir/link.txt --verbose=1
/usr/bin/cc   -DCHECK_FUNCTION_EXISTS=pthread_create    CMakeFiles/cmTryCompileExec1799390594.dir/CheckFunctionExists.c.o  -o cmTryCompileExec1799390594 -rdynamic -lpthreads 
/usr/bin/ld: cannot find -lpthreads
collect2: error: ld returned 1 exit status
make[4]: Leaving directory `/root/workspace/github/CPlusProject/KSDataConnector/external_lib/log4cplus/src/lib-log4cplus-build/CMakeFiles/CMakeTmp'
make[4]: *** [cmTryCompileExec1799390594] Error 1
make[3]: *** [cmTryCompileExec1799390594/fast] Error 2
make[3]: Leaving directory `/root/workspace/github/CPlusProject/KSDataConnector/external_lib/log4cplus/src/lib-log4cplus-build/CMakeFiles/CMakeTmp'


Determining if the function _vsnprintf exists failed with the following output:
Change Dir: /root/workspace/github/CPlusProject/KSDataConnector/external_lib/log4cplus/src/lib-log4cplus-build/CMakeFiles/CMakeTmp

Run Build Command:"/usr/bin/make" "cmTryCompileExec433124795/fast"
make[3]: Entering directory `/root/workspace/github/CPlusProject/KSDataConnector/external_lib/log4cplus/src/lib-log4cplus-build/CMakeFiles/CMakeTmp'
/usr/bin/make -f CMakeFiles/cmTryCompileExec433124795.dir/build.make CMakeFiles/cmTryCompileExec433124795.dir/build
make[4]: Entering directory `/root/workspace/github/CPlusProject/KSDataConnector/external_lib/log4cplus/src/lib-log4cplus-build/CMakeFiles/CMakeTmp'
/root/Programs/cmake-3.2.0/bin/cmake -E cmake_progress_report /root/workspace/github/CPlusProject/KSDataConnector/external_lib/log4cplus/src/lib-log4cplus-build/CMakeFiles/CMakeTmp/CMakeFiles 1
Building C object CMakeFiles/cmTryCompileExec433124795.dir/CheckFunctionExists.c.o
/usr/bin/cc   -DCHECK_FUNCTION_EXISTS=_vsnprintf   -o CMakeFiles/cmTryCompileExec433124795.dir/CheckFunctionExists.c.o   -c /root/Programs/cmake-3.2.0/share/cmake-3.2/Modules/CheckFunctionExists.c
Linking C executable cmTryCompileExec433124795
/root/Programs/cmake-3.2.0/bin/cmake -E cmake_link_script CMakeFiles/cmTryCompileExec433124795.dir/link.txt --verbose=1
/usr/bin/cc   -DCHECK_FUNCTION_EXISTS=_vsnprintf    CMakeFiles/cmTryCompileExec433124795.dir/CheckFunctionExists.c.o  -o cmTryCompileExec433124795 -rdynamic 
CMakeFiles/cmTryCompileExec433124795.dir/CheckFunctionExists.c.o: In function `main':
CheckFunctionExists.c:(.text+0x15): undefined reference to `_vsnprintf'
collect2: error: ld returned 1 exit status
make[4]: Leaving directory `/root/workspace/github/CPlusProject/KSDataConnector/external_lib/log4cplus/src/lib-log4cplus-build/CMakeFiles/CMakeTmp'
make[4]: *** [cmTryCompileExec433124795] Error 1
make[3]: Leaving directory `/root/workspace/github/CPlusProject/KSDataConnector/external_lib/log4cplus/src/lib-log4cplus-build/CMakeFiles/CMakeTmp'
make[3]: *** [cmTryCompileExec433124795/fast] Error 2


Determining if the function vsprintf_s exists failed with the following output:
Change Dir: /root/workspace/github/CPlusProject/KSDataConnector/external_lib/log4cplus/src/lib-log4cplus-build/CMakeFiles/CMakeTmp

Run Build Command:"/usr/bin/make" "cmTryCompileExec6575273/fast"
make[3]: Entering directory `/root/workspace/github/CPlusProject/KSDataConnector/external_lib/log4cplus/src/lib-log4cplus-build/CMakeFiles/CMakeTmp'
/usr/bin/make -f CMakeFiles/cmTryCompileExec6575273.dir/build.make CMakeFiles/cmTryCompileExec6575273.dir/build
make[4]: Entering directory `/root/workspace/github/CPlusProject/KSDataConnector/external_lib/log4cplus/src/lib-log4cplus-build/CMakeFiles/CMakeTmp'
/root/Programs/cmake-3.2.0/bin/cmake -E cmake_progress_report /root/workspace/github/CPlusProject/KSDataConnector/external_lib/log4cplus/src/lib-log4cplus-build/CMakeFiles/CMakeTmp/CMakeFiles 1
Building C object CMakeFiles/cmTryCompileExec6575273.dir/CheckFunctionExists.c.o
/usr/bin/cc   -DCHECK_FUNCTION_EXISTS=vsprintf_s   -o CMakeFiles/cmTryCompileExec6575273.dir/CheckFunctionExists.c.o   -c /root/Programs/cmake-3.2.0/share/cmake-3.2/Modules/CheckFunctionExists.c
Linking C executable cmTryCompileExec6575273
/root/Programs/cmake-3.2.0/bin/cmake -E cmake_link_script CMakeFiles/cmTryCompileExec6575273.dir/link.txt --verbose=1
/usr/bin/cc   -DCHECK_FUNCTION_EXISTS=vsprintf_s    CMakeFiles/cmTryCompileExec6575273.dir/CheckFunctionExists.c.o  -o cmTryCompileExec6575273 -rdynamic 
CMakeFiles/cmTryCompileExec6575273.dir/CheckFunctionExists.c.o: In function `main':
CheckFunctionExists.c:(.text+0x15): undefined reference to `vsprintf_s'
collect2: error: ld returned 1 exit status
make[4]: Leaving directory `/root/workspace/github/CPlusProject/KSDataConnector/external_lib/log4cplus/src/lib-log4cplus-build/CMakeFiles/CMakeTmp'
make[3]: Leaving directory `/root/workspace/github/CPlusProject/KSDataConnector/external_lib/log4cplus/src/lib-log4cplus-build/CMakeFiles/CMakeTmp'
make[4]: *** [cmTryCompileExec6575273] Error 1
make[3]: *** [cmTryCompileExec6575273/fast] Error 2


Determining if the function vswprintf_s exists failed with the following output:
Change Dir: /root/workspace/github/CPlusProject/KSDataConnector/external_lib/log4cplus/src/lib-log4cplus-build/CMakeFiles/CMakeTmp

Run Build Command:"/usr/bin/make" "cmTryCompileExec2739605982/fast"
make[3]: Entering directory `/root/workspace/github/CPlusProject/KSDataConnector/external_lib/log4cplus/src/lib-log4cplus-build/CMakeFiles/CMakeTmp'
/usr/bin/make -f CMakeFiles/cmTryCompileExec2739605982.dir/build.make CMakeFiles/cmTryCompileExec2739605982.dir/build
make[4]: Entering directory `/root/workspace/github/CPlusProject/KSDataConnector/external_lib/log4cplus/src/lib-log4cplus-build/CMakeFiles/CMakeTmp'
/root/Programs/cmake-3.2.0/bin/cmake -E cmake_progress_report /root/workspace/github/CPlusProject/KSDataConnector/external_lib/log4cplus/src/lib-log4cplus-build/CMakeFiles/CMakeTmp/CMakeFiles 1
Building C object CMakeFiles/cmTryCompileExec2739605982.dir/CheckFunctionExists.c.o
/usr/bin/cc   -DCHECK_FUNCTION_EXISTS=vswprintf_s   -o CMakeFiles/cmTryCompileExec2739605982.dir/CheckFunctionExists.c.o   -c /root/Programs/cmake-3.2.0/share/cmake-3.2/Modules/CheckFunctionExists.c
Linking C executable cmTryCompileExec2739605982
/root/Programs/cmake-3.2.0/bin/cmake -E cmake_link_script CMakeFiles/cmTryCompileExec2739605982.dir/link.txt --verbose=1
/usr/bin/cc   -DCHECK_FUNCTION_EXISTS=vswprintf_s    CMakeFiles/cmTryCompileExec2739605982.dir/CheckFunctionExists.c.o  -o cmTryCompileExec2739605982 -rdynamic 
CMakeFiles/cmTryCompileExec2739605982.dir/CheckFunctionExists.c.o: In function `main':
CheckFunctionExists.c:(.text+0x15): undefined reference to `vswprintf_s'
collect2: error: ld returned 1 exit status
make[4]: Leaving directory `/root/workspace/github/CPlusProject/KSDataConnector/external_lib/log4cplus/src/lib-log4cplus-build/CMakeFiles/CMakeTmp'
make[4]: *** [cmTryCompileExec2739605982] Error 1
make[3]: *** [cmTryCompileExec2739605982/fast] Error 2
make[3]: Leaving directory `/root/workspace/github/CPlusProject/KSDataConnector/external_lib/log4cplus/src/lib-log4cplus-build/CMakeFiles/CMakeTmp'


Determining if the function vfprintf_s exists failed with the following output:
Change Dir: /root/workspace/github/CPlusProject/KSDataConnector/external_lib/log4cplus/src/lib-log4cplus-build/CMakeFiles/CMakeTmp

Run Build Command:"/usr/bin/make" "cmTryCompileExec2384443661/fast"
make[3]: Entering directory `/root/workspace/github/CPlusProject/KSDataConnector/external_lib/log4cplus/src/lib-log4cplus-build/CMakeFiles/CMakeTmp'
/usr/bin/make -f CMakeFiles/cmTryCompileExec2384443661.dir/build.make CMakeFiles/cmTryCompileExec2384443661.dir/build
make[4]: Entering directory `/root/workspace/github/CPlusProject/KSDataConnector/external_lib/log4cplus/src/lib-log4cplus-build/CMakeFiles/CMakeTmp'
/root/Programs/cmake-3.2.0/bin/cmake -E cmake_progress_report /root/workspace/github/CPlusProject/KSDataConnector/external_lib/log4cplus/src/lib-log4cplus-build/CMakeFiles/CMakeTmp/CMakeFiles 1
Building C object CMakeFiles/cmTryCompileExec2384443661.dir/CheckFunctionExists.c.o
/usr/bin/cc   -DCHECK_FUNCTION_EXISTS=vfprintf_s   -o CMakeFiles/cmTryCompileExec2384443661.dir/CheckFunctionExists.c.o   -c /root/Programs/cmake-3.2.0/share/cmake-3.2/Modules/CheckFunctionExists.c
Linking C executable cmTryCompileExec2384443661
/root/Programs/cmake-3.2.0/bin/cmake -E cmake_link_script CMakeFiles/cmTryCompileExec2384443661.dir/link.txt --verbose=1
/usr/bin/cc   -DCHECK_FUNCTION_EXISTS=vfprintf_s    CMakeFiles/cmTryCompileExec2384443661.dir/CheckFunctionExists.c.o  -o cmTryCompileExec2384443661 -rdynamic 
CMakeFiles/cmTryCompileExec2384443661.dir/CheckFunctionExists.c.o: In function `main':
CheckFunctionExists.c:(.text+0x15): undefined reference to `vfprintf_s'
collect2: error: ld returned 1 exit status
make[4]: Leaving directory `/root/workspace/github/CPlusProject/KSDataConnector/external_lib/log4cplus/src/lib-log4cplus-build/CMakeFiles/CMakeTmp'
make[4]: *** [cmTryCompileExec2384443661] Error 1
make[3]: *** [cmTryCompileExec2384443661/fast] Error 2
make[3]: Leaving directory `/root/workspace/github/CPlusProject/KSDataConnector/external_lib/log4cplus/src/lib-log4cplus-build/CMakeFiles/CMakeTmp'


Determining if the function vfwprintf_s exists failed with the following output:
Change Dir: /root/workspace/github/CPlusProject/KSDataConnector/external_lib/log4cplus/src/lib-log4cplus-build/CMakeFiles/CMakeTmp

Run Build Command:"/usr/bin/make" "cmTryCompileExec880123431/fast"
make[3]: Entering directory `/root/workspace/github/CPlusProject/KSDataConnector/external_lib/log4cplus/src/lib-log4cplus-build/CMakeFiles/CMakeTmp'
/usr/bin/make -f CMakeFiles/cmTryCompileExec880123431.dir/build.make CMakeFiles/cmTryCompileExec880123431.dir/build
make[4]: Entering directory `/root/workspace/github/CPlusProject/KSDataConnector/external_lib/log4cplus/src/lib-log4cplus-build/CMakeFiles/CMakeTmp'
/root/Programs/cmake-3.2.0/bin/cmake -E cmake_progress_report /root/workspace/github/CPlusProject/KSDataConnector/external_lib/log4cplus/src/lib-log4cplus-build/CMakeFiles/CMakeTmp/CMakeFiles 1
Building C object CMakeFiles/cmTryCompileExec880123431.dir/CheckFunctionExists.c.o
/usr/bin/cc   -DCHECK_FUNCTION_EXISTS=vfwprintf_s   -o CMakeFiles/cmTryCompileExec880123431.dir/CheckFunctionExists.c.o   -c /root/Programs/cmake-3.2.0/share/cmake-3.2/Modules/CheckFunctionExists.c
Linking C executable cmTryCompileExec880123431
/root/Programs/cmake-3.2.0/bin/cmake -E cmake_link_script CMakeFiles/cmTryCompileExec880123431.dir/link.txt --verbose=1
/usr/bin/cc   -DCHECK_FUNCTION_EXISTS=vfwprintf_s    CMakeFiles/cmTryCompileExec880123431.dir/CheckFunctionExists.c.o  -o cmTryCompileExec880123431 -rdynamic 
CMakeFiles/cmTryCompileExec880123431.dir/CheckFunctionExists.c.o: In function `main':
CheckFunctionExists.c:(.text+0x15): undefined reference to `vfwprintf_s'
collect2: error: ld returned 1 exit status
make[4]: Leaving directory `/root/workspace/github/CPlusProject/KSDataConnector/external_lib/log4cplus/src/lib-log4cplus-build/CMakeFiles/CMakeTmp'
make[4]: *** [cmTryCompileExec880123431] Error 1
make[3]: Leaving directory `/root/workspace/github/CPlusProject/KSDataConnector/external_lib/log4cplus/src/lib-log4cplus-build/CMakeFiles/CMakeTmp'
make[3]: *** [cmTryCompileExec880123431/fast] Error 2


Determining if the function _vsnprintf_s exists failed with the following output:
Change Dir: /root/workspace/github/CPlusProject/KSDataConnector/external_lib/log4cplus/src/lib-log4cplus-build/CMakeFiles/CMakeTmp

Run Build Command:"/usr/bin/make" "cmTryCompileExec3767169662/fast"
make[3]: Entering directory `/root/workspace/github/CPlusProject/KSDataConnector/external_lib/log4cplus/src/lib-log4cplus-build/CMakeFiles/CMakeTmp'
/usr/bin/make -f CMakeFiles/cmTryCompileExec3767169662.dir/build.make CMakeFiles/cmTryCompileExec3767169662.dir/build
make[4]: Entering directory `/root/workspace/github/CPlusProject/KSDataConnector/external_lib/log4cplus/src/lib-log4cplus-build/CMakeFiles/CMakeTmp'
/root/Programs/cmake-3.2.0/bin/cmake -E cmake_progress_report /root/workspace/github/CPlusProject/KSDataConnector/external_lib/log4cplus/src/lib-log4cplus-build/CMakeFiles/CMakeTmp/CMakeFiles 1
Building C object CMakeFiles/cmTryCompileExec3767169662.dir/CheckFunctionExists.c.o
/usr/bin/cc   -DCHECK_FUNCTION_EXISTS=_vsnprintf_s   -o CMakeFiles/cmTryCompileExec3767169662.dir/CheckFunctionExists.c.o   -c /root/Programs/cmake-3.2.0/share/cmake-3.2/Modules/CheckFunctionExists.c
Linking C executable cmTryCompileExec3767169662
/root/Programs/cmake-3.2.0/bin/cmake -E cmake_link_script CMakeFiles/cmTryCompileExec3767169662.dir/link.txt --verbose=1
/usr/bin/cc   -DCHECK_FUNCTION_EXISTS=_vsnprintf_s    CMakeFiles/cmTryCompileExec3767169662.dir/CheckFunctionExists.c.o  -o cmTryCompileExec3767169662 -rdynamic 
CMakeFiles/cmTryCompileExec3767169662.dir/CheckFunctionExists.c.o: In function `main':
CheckFunctionExists.c:(.text+0x15): undefined reference to `_vsnprintf_s'
make[4]: Leaving directory `/root/workspace/github/CPlusProject/KSDataConnector/external_lib/log4cplus/src/lib-log4cplus-build/CMakeFiles/CMakeTmp'
make[3]: Leaving directory `/root/workspace/github/CPlusProject/KSDataConnector/external_lib/log4cplus/src/lib-log4cplus-build/CMakeFiles/CMakeTmp'
collect2: error: ld returned 1 exit status
make[4]: *** [cmTryCompileExec3767169662] Error 1
make[3]: *** [cmTryCompileExec3767169662/fast] Error 2


Determining if the function _vsnwprintf_s exists failed with the following output:
Change Dir: /root/workspace/github/CPlusProject/KSDataConnector/external_lib/log4cplus/src/lib-log4cplus-build/CMakeFiles/CMakeTmp

Run Build Command:"/usr/bin/make" "cmTryCompileExec1362293495/fast"
make[3]: Entering directory `/root/workspace/github/CPlusProject/KSDataConnector/external_lib/log4cplus/src/lib-log4cplus-build/CMakeFiles/CMakeTmp'
/usr/bin/make -f CMakeFiles/cmTryCompileExec1362293495.dir/build.make CMakeFiles/cmTryCompileExec1362293495.dir/build
make[4]: Entering directory `/root/workspace/github/CPlusProject/KSDataConnector/external_lib/log4cplus/src/lib-log4cplus-build/CMakeFiles/CMakeTmp'
/root/Programs/cmake-3.2.0/bin/cmake -E cmake_progress_report /root/workspace/github/CPlusProject/KSDataConnector/external_lib/log4cplus/src/lib-log4cplus-build/CMakeFiles/CMakeTmp/CMakeFiles 1
Building C object CMakeFiles/cmTryCompileExec1362293495.dir/CheckFunctionExists.c.o
/usr/bin/cc   -DCHECK_FUNCTION_EXISTS=_vsnwprintf_s   -o CMakeFiles/cmTryCompileExec1362293495.dir/CheckFunctionExists.c.o   -c /root/Programs/cmake-3.2.0/share/cmake-3.2/Modules/CheckFunctionExists.c
Linking C executable cmTryCompileExec1362293495
/root/Programs/cmake-3.2.0/bin/cmake -E cmake_link_script CMakeFiles/cmTryCompileExec1362293495.dir/link.txt --verbose=1
/usr/bin/cc   -DCHECK_FUNCTION_EXISTS=_vsnwprintf_s    CMakeFiles/cmTryCompileExec1362293495.dir/CheckFunctionExists.c.o  -o cmTryCompileExec1362293495 -rdynamic 
CMakeFiles/cmTryCompileExec1362293495.dir/CheckFunctionExists.c.o: In function `main':
CheckFunctionExists.c:(.text+0x15): undefined reference to `_vsnwprintf_s'
collect2: error: ld returned 1 exit status
make[4]: Leaving directory `/root/workspace/github/CPlusProject/KSDataConnector/external_lib/log4cplus/src/lib-log4cplus-build/CMakeFiles/CMakeTmp'
make[4]: *** [cmTryCompileExec1362293495] Error 1
make[3]: Leaving directory `/root/workspace/github/CPlusProject/KSDataConnector/external_lib/log4cplus/src/lib-log4cplus-build/CMakeFiles/CMakeTmp'
make[3]: *** [cmTryCompileExec1362293495/fast] Error 2


Performing C++ SOURCE FILE Test HAVE_CXX11_THREAD_LOCAL failed with the following output:
Change Dir: /root/workspace/github/CPlusProject/KSDataConnector/external_lib/log4cplus/src/lib-log4cplus-build/CMakeFiles/CMakeTmp

Run Build Command:"/usr/bin/make" "cmTryCompileExec2160830183/fast"
make[3]: Entering directory `/root/workspace/github/CPlusProject/KSDataConnector/external_lib/log4cplus/src/lib-log4cplus-build/CMakeFiles/CMakeTmp'
/usr/bin/make -f CMakeFiles/cmTryCompileExec2160830183.dir/build.make CMakeFiles/cmTryCompileExec2160830183.dir/build
make[4]: Entering directory `/root/workspace/github/CPlusProject/KSDataConnector/external_lib/log4cplus/src/lib-log4cplus-build/CMakeFiles/CMakeTmp'
/root/Programs/cmake-3.2.0/bin/cmake -E cmake_progress_report /root/workspace/github/CPlusProject/KSDataConnector/external_lib/log4cplus/src/lib-log4cplus-build/CMakeFiles/CMakeTmp/CMakeFiles 1
Building CXX object CMakeFiles/cmTryCompileExec2160830183.dir/src.cxx.o
/usr/bin/c++    -DHAVE_CXX11_THREAD_LOCAL   -o CMakeFiles/cmTryCompileExec2160830183.dir/src.cxx.o -c /root/workspace/github/CPlusProject/KSDataConnector/external_lib/log4cplus/src/lib-log4cplus-build/CMakeFiles/CMakeTmp/src.cxx
/root/workspace/github/CPlusProject/KSDataConnector/external_lib/log4cplus/src/lib-log4cplus-build/CMakeFiles/CMakeTmp/src.cxx:1:8: error: ‘thread_local’ does not name a type
 extern thread_local int x;
        ^
/root/workspace/github/CPlusProject/KSDataConnector/external_lib/log4cplus/src/lib-log4cplus-build/CMakeFiles/CMakeTmp/src.cxx:2:6: error: ‘thread_local’ does not name a type
      thread_local int * ptr = 0;
      ^
/root/workspace/github/CPlusProject/KSDataConnector/external_lib/log4cplus/src/lib-log4cplus-build/CMakeFiles/CMakeTmp/src.cxx: In function ‘int foo()’:
/root/workspace/github/CPlusProject/KSDataConnector/external_lib/log4cplus/src/lib-log4cplus-build/CMakeFiles/CMakeTmp/src.cxx:3:18: error: ‘ptr’ was not declared in this scope
      int foo() { ptr = &x; return x; }
                  ^
/root/workspace/github/CPlusProject/KSDataConnector/external_lib/log4cplus/src/lib-log4cplus-build/CMakeFiles/CMakeTmp/src.cxx:3:25: error: ‘x’ was not declared in this scope
      int foo() { ptr = &x; return x; }
                         ^
/root/workspace/github/CPlusProject/KSDataConnector/external_lib/log4cplus/src/lib-log4cplus-build/CMakeFiles/CMakeTmp/src.cxx: At global scope:
/root/workspace/github/CPlusProject/KSDataConnector/external_lib/log4cplus/src/lib-log4cplus-build/CMakeFiles/CMakeTmp/src.cxx:4:6: error: ‘thread_local’ does not name a type
      thread_local int x = 1;
      ^
/root/workspace/github/CPlusProject/KSDataConnector/external_lib/log4cplus/src/lib-log4cplus-build/CMakeFiles/CMakeTmp/src.cxx: In function ‘int main()’:
/root/workspace/github/CPlusProject/KSDataConnector/external_lib/log4cplus/src/lib-log4cplus-build/CMakeFiles/CMakeTmp/src.cxx:8:10: error: ‘x’ was not declared in this scope
          x = 2;
          ^
make[4]: Leaving directory `/root/workspace/github/CPlusProject/KSDataConnector/external_lib/log4cplus/src/lib-log4cplus-build/CMakeFiles/CMakeTmp'
make[4]: *** [CMakeFiles/cmTryCompileExec2160830183.dir/src.cxx.o] Error 1
make[3]: Leaving directory `/root/workspace/github/CPlusProject/KSDataConnector/external_lib/log4cplus/src/lib-log4cplus-build/CMakeFiles/CMakeTmp'
make[3]: *** [cmTryCompileExec2160830183/fast] Error 2

Source file was:
extern thread_local int x;
     thread_local int * ptr = 0;
     int foo() { ptr = &x; return x; }
     thread_local int x = 1;

     int main()
     {
         x = 2;
         foo();
         return 0;
     }
Performing C++ SOURCE FILE Test LOG4CPLUS_HAVE_CXX11_ATOMICS failed with the following output:
Change Dir: /root/workspace/github/CPlusProject/KSDataConnector/external_lib/log4cplus/src/lib-log4cplus-build/CMakeFiles/CMakeTmp

Run Build Command:"/usr/bin/make" "cmTryCompileExec687407727/fast"
make[3]: Entering directory `/root/workspace/github/CPlusProject/KSDataConnector/external_lib/log4cplus/src/lib-log4cplus-build/CMakeFiles/CMakeTmp'
/usr/bin/make -f CMakeFiles/cmTryCompileExec687407727.dir/build.make CMakeFiles/cmTryCompileExec687407727.dir/build
make[4]: Entering directory `/root/workspace/github/CPlusProject/KSDataConnector/external_lib/log4cplus/src/lib-log4cplus-build/CMakeFiles/CMakeTmp'
/root/Programs/cmake-3.2.0/bin/cmake -E cmake_progress_report /root/workspace/github/CPlusProject/KSDataConnector/external_lib/log4cplus/src/lib-log4cplus-build/CMakeFiles/CMakeTmp/CMakeFiles 1
Building CXX object CMakeFiles/cmTryCompileExec687407727.dir/src.cxx.o
/usr/bin/c++    -DLOG4CPLUS_HAVE_CXX11_ATOMICS   -o CMakeFiles/cmTryCompileExec687407727.dir/src.cxx.o -c /root/workspace/github/CPlusProject/KSDataConnector/external_lib/log4cplus/src/lib-log4cplus-build/CMakeFiles/CMakeTmp/src.cxx
In file included from /usr/include/c++/4.8/atomic:38:0,
                 from /root/workspace/github/CPlusProject/KSDataConnector/external_lib/log4cplus/src/lib-log4cplus-build/CMakeFiles/CMakeTmp/src.cxx:1:
/usr/include/c++/4.8/bits/c++0x_warning.h:32:2: error: #error This file requires compiler and library support for the ISO C++ 2011 standard. This support is currently experimental, and must be enabled with the -std=c++11 or -std=gnu++11 compiler options.
 #error This file requires compiler and library support for the \
  ^
In file included from /usr/include/c++/4.8/atomic:41:0,
                 from /root/workspace/github/CPlusProject/KSDataConnector/external_lib/log4cplus/src/lib-log4cplus-build/CMakeFiles/CMakeTmp/src.cxx:1:
/usr/include/c++/4.8/bits/atomic_base.h:70:3: error: ‘constexpr’ does not name a type
   constexpr memory_order
   ^
/usr/include/c++/4.8/bits/atomic_base.h:70:3: note: C++11 ‘constexpr’ only available with -std=c++11 or -std=gnu++11
/usr/include/c++/4.8/bits/atomic_base.h:76:3: error: ‘constexpr’ does not name a type
   constexpr memory_order
   ^
/usr/include/c++/4.8/bits/atomic_base.h:76:3: note: C++11 ‘constexpr’ only available with -std=c++11 or -std=gnu++11
/usr/include/c++/4.8/bits/atomic_base.h:83:3: error: ‘constexpr’ does not name a type
   constexpr memory_order
   ^
/usr/include/c++/4.8/bits/atomic_base.h:83:3: note: C++11 ‘constexpr’ only available with -std=c++11 or -std=gnu++11
/usr/include/c++/4.8/bits/atomic_base.h:90:3: error: ‘constexpr’ does not name a type
   constexpr memory_order
   ^
/usr/include/c++/4.8/bits/atomic_base.h:90:3: note: C++11 ‘constexpr’ only available with -std=c++11 or -std=gnu++11
/usr/include/c++/4.8/bits/atomic_base.h:98:41: error: expected initializer before ‘noexcept’
   atomic_thread_fence(memory_order __m) noexcept
                                         ^
/usr/include/c++/4.8/bits/atomic_base.h:102:41: error: expected initializer before ‘noexcept’
   atomic_signal_fence(memory_order __m) noexcept
                                         ^
/usr/include/c++/4.8/bits/atomic_base.h:108:30: error: expected initializer before ‘noexcept’
     kill_dependency(_Tp __y) noexcept
                              ^
/usr/include/c++/4.8/bits/atomic_base.h:156:25: error: ‘char16_t’ was not declared in this scope
   typedef __atomic_base<char16_t>    atomic_char16_t;
                         ^
/usr/include/c++/4.8/bits/atomic_base.h:156:33: error: template argument 1 is invalid
   typedef __atomic_base<char16_t>    atomic_char16_t;
                                 ^
/usr/include/c++/4.8/bits/atomic_base.h:156:53: error: invalid type in declaration before ‘;’ token
   typedef __atomic_base<char16_t>    atomic_char16_t;
                                                     ^
/usr/include/c++/4.8/bits/atomic_base.h:159:25: error: ‘char32_t’ was not declared in this scope
   typedef __atomic_base<char32_t>    atomic_char32_t;
                         ^
/usr/include/c++/4.8/bits/atomic_base.h:159:33: error: template argument 1 is invalid
   typedef __atomic_base<char32_t>    atomic_char32_t;
                                 ^
/usr/include/c++/4.8/bits/atomic_base.h:159:53: error: invalid type in declaration before ‘;’ token
   typedef __atomic_base<char32_t>    atomic_char32_t;
                                                     ^
/usr/include/c++/4.8/bits/atomic_base.h:162:25: error: ‘char32_t’ was not declared in this scope
   typedef __atomic_base<char32_t>    atomic_char32_t;
                         ^
/usr/include/c++/4.8/bits/atomic_base.h:162:33: error: template argument 1 is invalid
   typedef __atomic_base<char32_t>    atomic_char32_t;
                                 ^
/usr/include/c++/4.8/bits/atomic_base.h:162:53: error: invalid type in declaration before ‘;’ token
   typedef __atomic_base<char32_t>    atomic_char32_t;
                                                     ^
/usr/include/c++/4.8/bits/atomic_base.h:273:17: error: expected ‘;’ at end of member declaration
     atomic_flag() noexcept = default;
                 ^
/usr/include/c++/4.8/bits/atomic_base.h:273:19: error: ‘noexcept’ does not name a type
     atomic_flag() noexcept = default;
                   ^
/usr/include/c++/4.8/bits/atomic_base.h:274:18: error: expected ‘;’ at end of member declaration
     ~atomic_flag() noexcept = default;
                  ^
/usr/include/c++/4.8/bits/atomic_base.h:274:20: error: ‘noexcept’ does not name a type
     ~atomic_flag() noexcept = default;
                    ^
/usr/include/c++/4.8/bits/atomic_base.h:280:5: error: ‘constexpr’ does not name a type
     constexpr atomic_flag(bool __i) noexcept
     ^
/usr/include/c++/4.8/bits/atomic_base.h:280:5: note: C++11 ‘constexpr’ only available with -std=c++11 or -std=gnu++11
/usr/include/c++/4.8/bits/atomic_base.h:282:5: error: expected unqualified-id before ‘{’ token
     { }
     ^
/usr/include/c++/4.8/bits/atomic_base.h:285:57: error: expected ‘;’ at end of member declaration
     test_and_set(memory_order __m = memory_order_seq_cst) noexcept
                                                         ^
/usr/include/c++/4.8/bits/atomic_base.h:285:59: error: ‘noexcept’ does not name a type
     test_and_set(memory_order __m = memory_order_seq_cst) noexcept
                                                           ^
/usr/include/c++/4.8/bits/atomic_base.h:291:59: error: expected ‘;’ at end of member declaration
     test_and_set(memory_order __m = memory_order_seq_cst) volatile noexcept
                                                           ^
/usr/include/c++/4.8/bits/atomic_base.h:291:68: error: ‘noexcept’ does not name a type
     test_and_set(memory_order __m = memory_order_seq_cst) volatile noexcept
                                                                    ^
/usr/include/c++/4.8/bits/atomic_base.h:297:50: error: expected ‘;’ at end of member declaration
     clear(memory_order __m = memory_order_seq_cst) noexcept
                                                  ^
/usr/include/c++/4.8/bits/atomic_base.h:297:52: error: ‘noexcept’ does not name a type
     clear(memory_order __m = memory_order_seq_cst) noexcept
                                                    ^
/usr/include/c++/4.8/bits/atomic_base.h:308:52: error: expected ‘;’ at end of member declaration
     clear(memory_order __m = memory_order_seq_cst) volatile noexcept
                                                    ^
/usr/include/c++/4.8/bits/atomic_base.h:308:61: error: ‘noexcept’ does not name a type
     clear(memory_order __m = memory_order_seq_cst) volatile noexcept
                                                             ^
/usr/include/c++/4.8/bits/atomic_base.h:319:12: error: ‘constexpr’ does not name a type
     static constexpr __atomic_flag_data_type
            ^
/usr/include/c++/4.8/bits/atomic_base.h:319:12: note: C++11 ‘constexpr’ only available with -std=c++11 or -std=gnu++11
/usr/include/c++/4.8/bits/atomic_base.h:357:21: error: expected ‘;’ at end of member declaration
       __atomic_base() noexcept = default;
                     ^
/usr/include/c++/4.8/bits/atomic_base.h:357:23: error: ‘noexcept’ does not name a type
       __atomic_base() noexcept = default;
                       ^
/usr/include/c++/4.8/bits/atomic_base.h:358:22: error: expected ‘;’ at end of member declaration
       ~__atomic_base() noexcept = default;
                      ^
/usr/include/c++/4.8/bits/atomic_base.h:358:24: error: ‘noexcept’ does not name a type
       ~__atomic_base() noexcept = default;
                        ^
/usr/include/c++/4.8/bits/atomic_base.h:364:7: error: ‘constexpr’ does not name a type
       constexpr __atomic_base(__int_type __i) noexcept : _M_i (__i) { }
       ^
/usr/include/c++/4.8/bits/atomic_base.h:364:7: note: C++11 ‘constexpr’ only available with -std=c++11 or -std=gnu++11
/usr/include/c++/4.8/bits/atomic_base.h:366:29: error: expected ‘;’ at end of member declaration
       operator __int_type() const noexcept
                             ^
/usr/include/c++/4.8/bits/atomic_base.h:366:35: error: ‘noexcept’ does not name a type
       operator __int_type() const noexcept
                                   ^
/usr/include/c++/4.8/bits/atomic_base.h:369:35: error: expected ‘;’ at end of member declaration
       operator __int_type() const volatile noexcept
                                   ^
/usr/include/c++/4.8/bits/atomic_base.h:369:44: error: ‘noexcept’ does not name a type
       operator __int_type() const volatile noexcept
                                            ^
/usr/include/c++/4.8/bits/atomic_base.h:373:31: error: expected ‘;’ at end of member declaration
       operator=(__int_type __i) noexcept
                               ^
/usr/include/c++/4.8/bits/atomic_base.h:373:33: error: ‘noexcept’ does not name a type
       operator=(__int_type __i) noexcept
                                 ^
/usr/include/c++/4.8/bits/atomic_base.h:380:33: error: expected ‘;’ at end of member declaration
       operator=(__int_type __i) volatile noexcept
                                 ^
/usr/include/c++/4.8/bits/atomic_base.h:380:42: error: ‘noexcept’ does not name a type
       operator=(__int_type __i) volatile noexcept
                                          ^
/usr/include/c++/4.8/bits/atomic_base.h:387:21: error: expected ‘;’ at end of member declaration
       operator++(int) noexcept
                     ^
/usr/include/c++/4.8/bits/atomic_base.h:387:23: error: ‘noexcept’ does not name a type
       operator++(int) noexcept
                       ^
/usr/include/c++/4.8/bits/atomic_base.h:391:23: error: expected ‘;’ at end of member declaration
       operator++(int) volatile noexcept
                       ^
/usr/include/c++/4.8/bits/atomic_base.h:391:32: error: ‘noexcept’ does not name a type
       operator++(int) volatile noexcept
                                ^
/usr/include/c++/4.8/bits/atomic_base.h:395:21: error: expected ‘;’ at end of member declaration
       operator--(int) noexcept
                     ^
/usr/include/c++/4.8/bits/atomic_base.h:395:23: error: ‘noexcept’ does not name a type
       operator--(int) noexcept
                       ^
/usr/include/c++/4.8/bits/atomic_base.h:399:23: error: expected ‘;’ at end of member declaration
       operator--(int) volatile noexcept
                       ^
/usr/include/c++/4.8/bits/atomic_base.h:399:32: error: ‘noexcept’ does not name a type
       operator--(int) volatile noexcept
                                ^
/usr/include/c++/4.8/bits/atomic_base.h:403:18: error: expected ‘;’ at end of member declaration
       operator++() noexcept
                  ^
/usr/include/c++/4.8/bits/atomic_base.h:403:20: error: ‘noexcept’ does not name a type
       operator++() noexcept
                    ^
/usr/include/c++/4.8/bits/atomic_base.h:407:20: error: expected ‘;’ at end of member declaration
       operator++() volatile noexcept
                    ^
/usr/include/c++/4.8/bits/atomic_base.h:407:29: error: ‘noexcept’ does not name a type
       operator++() volatile noexcept
                             ^
/usr/include/c++/4.8/bits/atomic_base.h:411:18: error: expected ‘;’ at end of member declaration
       operator--() noexcept
                  ^
/usr/include/c++/4.8/bits/atomic_base.h:411:20: error: ‘noexcept’ does not name a type
       operator--() noexcept
                    ^
/usr/include/c++/4.8/bits/atomic_base.h:415:20: error: expected ‘;’ at end of member declaration
       operator--() volatile noexcept
                    ^
/usr/include/c++/4.8/bits/atomic_base.h:415:29: error: ‘noexcept’ does not name a type
       operator--() volatile noexcept
                             ^
/usr/include/c++/4.8/bits/atomic_base.h:419:32: error: expected ‘;’ at end of member declaration
       operator+=(__int_type __i) noexcept
                                ^
/usr/include/c++/4.8/bits/atomic_base.h:419:34: error: ‘noexcept’ does not name a type
       operator+=(__int_type __i) noexcept
                                  ^
/usr/include/c++/4.8/bits/atomic_base.h:423:34: error: expected ‘;’ at end of member declaration
       operator+=(__int_type __i) volatile noexcept
                                  ^
/usr/include/c++/4.8/bits/atomic_base.h:423:43: error: ‘noexcept’ does not name a type
       operator+=(__int_type __i) volatile noexcept
                                           ^
/usr/include/c++/4.8/bits/atomic_base.h:427:32: error: expected ‘;’ at end of member declaration
       operator-=(__int_type __i) noexcept
                                ^
/usr/include/c++/4.8/bits/atomic_base.h:427:34: error: ‘noexcept’ does not name a type
       operator-=(__int_type __i) noexcept
                                  ^
/usr/include/c++/4.8/bits/atomic_base.h:431:34: error: expected ‘;’ at end of member declaration
       operator-=(__int_type __i) volatile noexcept
                                  ^
/usr/include/c++/4.8/bits/atomic_base.h:431:43: error: ‘noexcept’ does not name a type
       operator-=(__int_type __i) volatile noexcept
                                           ^
/usr/include/c++/4.8/bits/atomic_base.h:435:32: error: expected ‘;’ at end of member declaration
       operator&=(__int_type __i) noexcept
                                ^
/usr/include/c++/4.8/bits/atomic_base.h:435:34: error: ‘noexcept’ does not name a type
       operator&=(__int_type __i) noexcept
                                  ^
/usr/include/c++/4.8/bits/atomic_base.h:439:34: error: expected ‘;’ at end of member declaration
       operator&=(__int_type __i) volatile noexcept
                                  ^
/usr/include/c++/4.8/bits/atomic_base.h:439:43: error: ‘noexcept’ does not name a type
       operator&=(__int_type __i) volatile noexcept
                                           ^
/usr/include/c++/4.8/bits/atomic_base.h:443:32: error: expected ‘;’ at end of member declaration
       operator|=(__int_type __i) noexcept
                                ^
/usr/include/c++/4.8/bits/atomic_base.h:443:34: error: ‘noexcept’ does not name a type
       operator|=(__int_type __i) noexcept
                                  ^
/usr/include/c++/4.8/bits/atomic_base.h:447:34: error: expected ‘;’ at end of member declaration
       operator|=(__int_type __i) volatile noexcept
                                  ^
/usr/include/c++/4.8/bits/atomic_base.h:447:43: error: ‘noexcept’ does not name a type
       operator|=(__int_type __i) volatile noexcept
                                           ^
/usr/include/c++/4.8/bits/atomic_base.h:451:32: error: expected ‘;’ at end of member declaration
       operator^=(__int_type __i) noexcept
                                ^
/usr/include/c++/4.8/bits/atomic_base.h:451:34: error: ‘noexcept’ does not name a type
       operator^=(__int_type __i) noexcept
                                  ^
/usr/include/c++/4.8/bits/atomic_base.h:455:34: error: expected ‘;’ at end of member declaration
       operator^=(__int_type __i) volatile noexcept
                                  ^
/usr/include/c++/4.8/bits/atomic_base.h:455:43: error: ‘noexcept’ does not name a type
       operator^=(__int_type __i) volatile noexcept
                                           ^
/usr/include/c++/4.8/bits/atomic_base.h:459:22: error: expected ‘;’ at end of member declaration
       is_lock_free() const noexcept
                      ^
/usr/include/c++/4.8/bits/atomic_base.h:459:28: error: ‘noexcept’ does not name a type
       is_lock_free() const noexcept
                            ^
/usr/include/c++/4.8/bits/atomic_base.h:463:28: error: expected ‘;’ at end of member declaration
       is_lock_free() const volatile noexcept
                            ^
/usr/include/c++/4.8/bits/atomic_base.h:463:37: error: ‘noexcept’ does not name a type
       is_lock_free() const volatile noexcept
                                     ^
/usr/include/c++/4.8/bits/atomic_base.h:467:68: error: expected ‘;’ at end of member declaration
       store(__int_type __i, memory_order __m = memory_order_seq_cst) noexcept
                                                                    ^
/usr/include/c++/4.8/bits/atomic_base.h:467:70: error: ‘noexcept’ does not name a type
       store(__int_type __i, memory_order __m = memory_order_seq_cst) noexcept
                                                                      ^
/usr/include/c++/4.8/bits/atomic_base.h:479:47: error: expected ‘;’ at end of member declaration
      memory_order __m = memory_order_seq_cst) volatile noexcept
                                               ^
/usr/include/c++/4.8/bits/atomic_base.h:479:56: error: ‘noexcept’ does not name a type
      memory_order __m = memory_order_seq_cst) volatile noexcept
                                                        ^
/usr/include/c++/4.8/bits/atomic_base.h:490:53: error: expected ‘;’ at end of member declaration
       load(memory_order __m = memory_order_seq_cst) const noexcept
                                                     ^
/usr/include/c++/4.8/bits/atomic_base.h:490:59: error: ‘noexcept’ does not name a type
       load(memory_order __m = memory_order_seq_cst) const noexcept
                                                           ^
/usr/include/c++/4.8/bits/atomic_base.h:500:59: error: expected ‘;’ at end of member declaration
       load(memory_order __m = memory_order_seq_cst) const volatile noexcept
                                                           ^
/usr/include/c++/4.8/bits/atomic_base.h:500:68: error: ‘noexcept’ does not name a type
       load(memory_order __m = memory_order_seq_cst) const volatile noexcept
                                                                    ^
/usr/include/c++/4.8/bits/atomic_base.h:511:48: error: expected ‘;’ at end of member declaration
         memory_order __m = memory_order_seq_cst) noexcept
                                                ^
/usr/include/c++/4.8/bits/atomic_base.h:511:50: error: ‘noexcept’ does not name a type
         memory_order __m = memory_order_seq_cst) noexcept
                                                  ^
/usr/include/c++/4.8/bits/atomic_base.h:519:50: error: expected ‘;’ at end of member declaration
         memory_order __m = memory_order_seq_cst) volatile noexcept
                                                  ^
/usr/include/c++/4.8/bits/atomic_base.h:519:59: error: ‘noexcept’ does not name a type
         memory_order __m = memory_order_seq_cst) volatile noexcept
                                                           ^
/usr/include/c++/4.8/bits/atomic_base.h:526:44: error: expected ‘;’ at end of member declaration
        memory_order __m1, memory_order __m2) noexcept
                                            ^
/usr/include/c++/4.8/bits/atomic_base.h:526:46: error: ‘noexcept’ does not name a type
        memory_order __m1, memory_order __m2) noexcept
                                              ^
/usr/include/c++/4.8/bits/atomic_base.h:540:27: error: expected ‘;’ at end of member declaration
        memory_order __m2) volatile noexcept
                           ^
/usr/include/c++/4.8/bits/atomic_base.h:540:36: error: ‘noexcept’ does not name a type
        memory_order __m2) volatile noexcept
                                    ^
/usr/include/c++/4.8/bits/atomic_base.h:553:47: error: expected ‘;’ at end of member declaration
        memory_order __m = memory_order_seq_cst) noexcept
                                               ^
/usr/include/c++/4.8/bits/atomic_base.h:553:49: error: ‘noexcept’ does not name a type
        memory_order __m = memory_order_seq_cst) noexcept
                                                 ^
/usr/include/c++/4.8/bits/atomic_base.h:561:47: error: expected ‘;’ at end of member declaration
      memory_order __m = memory_order_seq_cst) volatile noexcept
                                               ^
/usr/include/c++/4.8/bits/atomic_base.h:561:56: error: ‘noexcept’ does not name a type
      memory_order __m = memory_order_seq_cst) volatile noexcept
                                                        ^
/usr/include/c++/4.8/bits/atomic_base.h:569:46: error: expected ‘;’ at end of member declaration
          memory_order __m1, memory_order __m2) noexcept
                                              ^
/usr/include/c++/4.8/bits/atomic_base.h:569:48: error: ‘noexcept’ does not name a type
          memory_order __m1, memory_order __m2) noexcept
                                                ^
/usr/include/c++/4.8/bits/atomic_base.h:583:29: error: expected ‘;’ at end of member declaration
          memory_order __m2) volatile noexcept
                             ^
/usr/include/c++/4.8/bits/atomic_base.h:583:38: error: ‘noexcept’ does not name a type
          memory_order __m2) volatile noexcept
                                      ^
/usr/include/c++/4.8/bits/atomic_base.h:597:49: error: expected ‘;’ at end of member declaration
          memory_order __m = memory_order_seq_cst) noexcept
                                                 ^
/usr/include/c++/4.8/bits/atomic_base.h:597:51: error: ‘noexcept’ does not name a type
          memory_order __m = memory_order_seq_cst) noexcept
                                                   ^
/usr/include/c++/4.8/bits/atomic_base.h:605:45: error: expected ‘;’ at end of member declaration
    memory_order __m = memory_order_seq_cst) volatile noexcept
                                             ^
/usr/include/c++/4.8/bits/atomic_base.h:605:54: error: ‘noexcept’ does not name a type
    memory_order __m = memory_order_seq_cst) volatile noexcept
                                                      ^
/usr/include/c++/4.8/bits/atomic_base.h:613:42: error: expected ‘;’ at end of member declaration
   memory_order __m = memory_order_seq_cst) noexcept
                                          ^
/usr/include/c++/4.8/bits/atomic_base.h:613:44: error: ‘noexcept’ does not name a type
   memory_order __m = memory_order_seq_cst) noexcept
                                            ^
/usr/include/c++/4.8/bits/atomic_base.h:618:44: error: expected ‘;’ at end of member declaration
   memory_order __m = memory_order_seq_cst) volatile noexcept
                                            ^
/usr/include/c++/4.8/bits/atomic_base.h:618:53: error: ‘noexcept’ does not name a type
   memory_order __m = memory_order_seq_cst) volatile noexcept
                                                     ^
/usr/include/c++/4.8/bits/atomic_base.h:623:42: error: expected ‘;’ at end of member declaration
   memory_order __m = memory_order_seq_cst) noexcept
                                          ^
/usr/include/c++/4.8/bits/atomic_base.h:623:44: error: ‘noexcept’ does not name a type
   memory_order __m = memory_order_seq_cst) noexcept
                                            ^
/usr/include/c++/4.8/bits/atomic_base.h:628:44: error: expected ‘;’ at end of member declaration
   memory_order __m = memory_order_seq_cst) volatile noexcept
                                            ^
/usr/include/c++/4.8/bits/atomic_base.h:628:53: error: ‘noexcept’ does not name a type
   memory_order __m = memory_order_seq_cst) volatile noexcept
                                                     ^
/usr/include/c++/4.8/bits/atomic_base.h:633:42: error: expected ‘;’ at end of member declaration
   memory_order __m = memory_order_seq_cst) noexcept
                                          ^
/usr/include/c++/4.8/bits/atomic_base.h:633:44: error: ‘noexcept’ does not name a type
   memory_order __m = memory_order_seq_cst) noexcept
                                            ^
/usr/include/c++/4.8/bits/atomic_base.h:638:44: error: expected ‘;’ at end of member declaration
   memory_order __m = memory_order_seq_cst) volatile noexcept
                                            ^
/usr/include/c++/4.8/bits/atomic_base.h:638:53: error: ‘noexcept’ does not name a type
   memory_order __m = memory_order_seq_cst) volatile noexcept
                                                     ^
/usr/include/c++/4.8/bits/atomic_base.h:643:48: error: expected ‘;’ at end of member declaration
         memory_order __m = memory_order_seq_cst) noexcept
                                                ^
/usr/include/c++/4.8/bits/atomic_base.h:643:50: error: ‘noexcept’ does not name a type
         memory_order __m = memory_order_seq_cst) noexcept
                                                  ^
/usr/include/c++/4.8/bits/atomic_base.h:648:50: error: expected ‘;’ at end of member declaration
         memory_order __m = memory_order_seq_cst) volatile noexcept
                                                  ^
/usr/include/c++/4.8/bits/atomic_base.h:648:59: error: ‘noexcept’ does not name a type
         memory_order __m = memory_order_seq_cst) volatile noexcept
                                                           ^
/usr/include/c++/4.8/bits/atomic_base.h:653:42: error: expected ‘;’ at end of member declaration
   memory_order __m = memory_order_seq_cst) noexcept
                                          ^
/usr/include/c++/4.8/bits/atomic_base.h:653:44: error: ‘noexcept’ does not name a type
   memory_order __m = memory_order_seq_cst) noexcept
                                            ^
/usr/include/c++/4.8/bits/atomic_base.h:658:44: error: expected ‘;’ at end of member declaration
   memory_order __m = memory_order_seq_cst) volatile noexcept
                                            ^
/usr/include/c++/4.8/bits/atomic_base.h:658:53: error: ‘noexcept’ does not name a type
   memory_order __m = memory_order_seq_cst) volatile noexcept
                                                     ^
/usr/include/c++/4.8/bits/atomic_base.h:673:7: error: ‘constexpr’ does not name a type
       constexpr ptrdiff_t
       ^
/usr/include/c++/4.8/bits/atomic_base.h:673:7: note: C++11 ‘constexpr’ only available with -std=c++11 or -std=gnu++11
/usr/include/c++/4.8/bits/atomic_base.h:676:7: error: ‘constexpr’ does not name a type
       constexpr ptrdiff_t
       ^
/usr/include/c++/4.8/bits/atomic_base.h:676:7: note: C++11 ‘constexpr’ only available with -std=c++11 or -std=gnu++11
/usr/include/c++/4.8/bits/atomic_base.h:680:21: error: expected ‘;’ at end of member declaration
       __atomic_base() noexcept = default;
                     ^
/usr/include/c++/4.8/bits/atomic_base.h:680:23: error: ‘noexcept’ does not name a type
       __atomic_base() noexcept = default;
                       ^
/usr/include/c++/4.8/bits/atomic_base.h:681:22: error: expected ‘;’ at end of member declaration
       ~__atomic_base() noexcept = default;
                      ^
/usr/include/c++/4.8/bits/atomic_base.h:681:24: error: ‘noexcept’ does not name a type
       ~__atomic_base() noexcept = default;
                        ^
/usr/include/c++/4.8/bits/atomic_base.h:687:7: error: ‘constexpr’ does not name a type
       constexpr __atomic_base(__pointer_type __p) noexcept : _M_p (__p) { }
       ^
/usr/include/c++/4.8/bits/atomic_base.h:687:7: note: C++11 ‘constexpr’ only available with -std=c++11 or -std=gnu++11
/usr/include/c++/4.8/bits/atomic_base.h:689:33: error: expected ‘;’ at end of member declaration
       operator __pointer_type() const noexcept
                                 ^
/usr/include/c++/4.8/bits/atomic_base.h:689:39: error: ‘noexcept’ does not name a type
       operator __pointer_type() const noexcept
                                       ^
/usr/include/c++/4.8/bits/atomic_base.h:692:39: error: expected ‘;’ at end of member declaration
       operator __pointer_type() const volatile noexcept
                                       ^
/usr/include/c++/4.8/bits/atomic_base.h:692:48: error: ‘noexcept’ does not name a type
       operator __pointer_type() const volatile noexcept
                                                ^
/usr/include/c++/4.8/bits/atomic_base.h:696:35: error: expected ‘;’ at end of member declaration
       operator=(__pointer_type __p) noexcept
                                   ^
/usr/include/c++/4.8/bits/atomic_base.h:696:37: error: ‘noexcept’ does not name a type
       operator=(__pointer_type __p) noexcept
                                     ^
/usr/include/c++/4.8/bits/atomic_base.h:703:37: error: expected ‘;’ at end of member declaration
       operator=(__pointer_type __p) volatile noexcept
                                     ^
/usr/include/c++/4.8/bits/atomic_base.h:703:46: error: ‘noexcept’ does not name a type
       operator=(__pointer_type __p) volatile noexcept
                                              ^
/usr/include/c++/4.8/bits/atomic_base.h:710:21: error: expected ‘;’ at end of member declaration
       operator++(int) noexcept
                     ^
/usr/include/c++/4.8/bits/atomic_base.h:710:23: error: ‘noexcept’ does not name a type
       operator++(int) noexcept
                       ^
/usr/include/c++/4.8/bits/atomic_base.h:714:23: error: expected ‘;’ at end of member declaration
       operator++(int) volatile noexcept
                       ^
/usr/include/c++/4.8/bits/atomic_base.h:714:32: error: ‘noexcept’ does not name a type
       operator++(int) volatile noexcept
                                ^
/usr/include/c++/4.8/bits/atomic_base.h:718:21: error: expected ‘;’ at end of member declaration
       operator--(int) noexcept
                     ^
/usr/include/c++/4.8/bits/atomic_base.h:718:23: error: ‘noexcept’ does not name a type
       operator--(int) noexcept
                       ^
/usr/include/c++/4.8/bits/atomic_base.h:722:23: error: expected ‘;’ at end of member declaration
       operator--(int) volatile noexcept
                       ^
/usr/include/c++/4.8/bits/atomic_base.h:722:32: error: ‘noexcept’ does not name a type
       operator--(int) volatile noexcept
                                ^
/usr/include/c++/4.8/bits/atomic_base.h:726:18: error: expected ‘;’ at end of member declaration
       operator++() noexcept
                  ^
/usr/include/c++/4.8/bits/atomic_base.h:726:20: error: ‘noexcept’ does not name a type
       operator++() noexcept
                    ^
/usr/include/c++/4.8/bits/atomic_base.h:731:20: error: expected ‘;’ at end of member declaration
       operator++() volatile noexcept
                    ^
/usr/include/c++/4.8/bits/atomic_base.h:731:29: error: ‘noexcept’ does not name a type
       operator++() volatile noexcept
                             ^
/usr/include/c++/4.8/bits/atomic_base.h:736:18: error: expected ‘;’ at end of member declaration
       operator--() noexcept
                  ^
/usr/include/c++/4.8/bits/atomic_base.h:736:20: error: ‘noexcept’ does not name a type
       operator--() noexcept
                    ^
/usr/include/c++/4.8/bits/atomic_base.h:741:20: error: expected ‘;’ at end of member declaration
       operator--() volatile noexcept
                    ^
/usr/include/c++/4.8/bits/atomic_base.h:741:29: error: ‘noexcept’ does not name a type
       operator--() volatile noexcept
                             ^
/usr/include/c++/4.8/bits/atomic_base.h:746:31: error: expected ‘;’ at end of member declaration
       operator+=(ptrdiff_t __d) noexcept
                               ^
/usr/include/c++/4.8/bits/atomic_base.h:746:33: error: ‘noexcept’ does not name a type
       operator+=(ptrdiff_t __d) noexcept
                                 ^
/usr/include/c++/4.8/bits/atomic_base.h:751:33: error: expected ‘;’ at end of member declaration
       operator+=(ptrdiff_t __d) volatile noexcept
                                 ^
/usr/include/c++/4.8/bits/atomic_base.h:751:42: error: ‘noexcept’ does not name a type
       operator+=(ptrdiff_t __d) volatile noexcept
                                          ^
/usr/include/c++/4.8/bits/atomic_base.h:756:31: error: expected ‘;’ at end of member declaration
       operator-=(ptrdiff_t __d) noexcept
                               ^
/usr/include/c++/4.8/bits/atomic_base.h:756:33: error: ‘noexcept’ does not name a type
       operator-=(ptrdiff_t __d) noexcept
                                 ^
/usr/include/c++/4.8/bits/atomic_base.h:761:33: error: expected ‘;’ at end of member declaration
       operator-=(ptrdiff_t __d) volatile noexcept
                                 ^
/usr/include/c++/4.8/bits/atomic_base.h:761:42: error: ‘noexcept’ does not name a type
       operator-=(ptrdiff_t __d) volatile noexcept
                                          ^
/usr/include/c++/4.8/bits/atomic_base.h:766:22: error: expected ‘;’ at end of member declaration
       is_lock_free() const noexcept
                      ^
/usr/include/c++/4.8/bits/atomic_base.h:766:28: error: ‘noexcept’ does not name a type
       is_lock_free() const noexcept
                            ^
/usr/include/c++/4.8/bits/atomic_base.h:770:28: error: expected ‘;’ at end of member declaration
       is_lock_free() const volatile noexcept
                            ^
/usr/include/c++/4.8/bits/atomic_base.h:770:37: error: ‘noexcept’ does not name a type
       is_lock_free() const volatile noexcept
                                     ^
/usr/include/c++/4.8/bits/atomic_base.h:775:45: error: expected ‘;’ at end of member declaration
      memory_order __m = memory_order_seq_cst) noexcept
                                             ^
/usr/include/c++/4.8/bits/atomic_base.h:775:47: error: ‘noexcept’ does not name a type
      memory_order __m = memory_order_seq_cst) noexcept
                                               ^
/usr/include/c++/4.8/bits/atomic_base.h:788:47: error: expected ‘;’ at end of member declaration
      memory_order __m = memory_order_seq_cst) volatile noexcept
                                               ^
/usr/include/c++/4.8/bits/atomic_base.h:788:56: error: ‘noexcept’ does not name a type
      memory_order __m = memory_order_seq_cst) volatile noexcept
                                                        ^
/usr/include/c++/4.8/bits/atomic_base.h:799:53: error: expected ‘;’ at end of member declaration
       load(memory_order __m = memory_order_seq_cst) const noexcept
                                                     ^
/usr/include/c++/4.8/bits/atomic_base.h:799:59: error: ‘noexcept’ does not name a type
       load(memory_order __m = memory_order_seq_cst) const noexcept
                                                           ^
/usr/include/c++/4.8/bits/atomic_base.h:809:59: error: expected ‘;’ at end of member declaration
       load(memory_order __m = memory_order_seq_cst) const volatile noexcept
                                                           ^
/usr/include/c++/4.8/bits/atomic_base.h:809:68: error: ‘noexcept’ does not name a type
       load(memory_order __m = memory_order_seq_cst) const volatile noexcept
                                                                    ^
/usr/include/c++/4.8/bits/atomic_base.h:820:48: error: expected ‘;’ at end of member declaration
         memory_order __m = memory_order_seq_cst) noexcept
                                                ^
/usr/include/c++/4.8/bits/atomic_base.h:820:50: error: ‘noexcept’ does not name a type
         memory_order __m = memory_order_seq_cst) noexcept
                                                  ^
/usr/include/c++/4.8/bits/atomic_base.h:828:50: error: expected ‘;’ at end of member declaration
         memory_order __m = memory_order_seq_cst) volatile noexcept
                                                  ^
/usr/include/c++/4.8/bits/atomic_base.h:828:59: error: ‘noexcept’ does not name a type
         memory_order __m = memory_order_seq_cst) volatile noexcept
                                                           ^
/usr/include/c++/4.8/bits/atomic_base.h:836:27: error: expected ‘;’ at end of member declaration
          memory_order __m2) noexcept
                           ^
/usr/include/c++/4.8/bits/atomic_base.h:836:29: error: ‘noexcept’ does not name a type
          memory_order __m2) noexcept
                             ^
/usr/include/c++/4.8/bits/atomic_base.h:850:29: error: expected ‘;’ at end of member declaration
          memory_order __m2) volatile noexcept
                             ^
/usr/include/c++/4.8/bits/atomic_base.h:850:38: error: ‘noexcept’ does not name a type
          memory_order __m2) volatile noexcept
                                      ^
/usr/include/c++/4.8/bits/atomic_base.h:864:42: error: expected ‘;’ at end of member declaration
   memory_order __m = memory_order_seq_cst) noexcept
                                          ^
/usr/include/c++/4.8/bits/atomic_base.h:864:44: error: ‘noexcept’ does not name a type
   memory_order __m = memory_order_seq_cst) noexcept
                                            ^
/usr/include/c++/4.8/bits/atomic_base.h:869:44: error: expected ‘;’ at end of member declaration
   memory_order __m = memory_order_seq_cst) volatile noexcept
                                            ^
/usr/include/c++/4.8/bits/atomic_base.h:869:53: error: ‘noexcept’ does not name a type
   memory_order __m = memory_order_seq_cst) volatile noexcept
                                                     ^
/usr/include/c++/4.8/bits/atomic_base.h:874:42: error: expected ‘;’ at end of member declaration
   memory_order __m = memory_order_seq_cst) noexcept
                                          ^
/usr/include/c++/4.8/bits/atomic_base.h:874:44: error: ‘noexcept’ does not name a type
   memory_order __m = memory_order_seq_cst) noexcept
                                            ^
/usr/include/c++/4.8/bits/atomic_base.h:879:44: error: expected ‘;’ at end of member declaration
   memory_order __m = memory_order_seq_cst) volatile noexcept
                                            ^
/usr/include/c++/4.8/bits/atomic_base.h:879:53: error: ‘noexcept’ does not name a type
   memory_order __m = memory_order_seq_cst) volatile noexcept
                                                     ^
In file included from /root/workspace/github/CPlusProject/KSDataConnector/external_lib/log4cplus/src/lib-log4cplus-build/CMakeFiles/CMakeTmp/src.cxx:1:0:
/usr/include/c++/4.8/atomic:60:17: error: expected ‘;’ at end of member declaration
     atomic_bool() noexcept = default;
                 ^
/usr/include/c++/4.8/atomic:60:19: error: ‘noexcept’ does not name a type
     atomic_bool() noexcept = default;
                   ^
/usr/include/c++/4.8/atomic:61:18: error: expected ‘;’ at end of member declaration
     ~atomic_bool() noexcept = default;
                  ^
/usr/include/c++/4.8/atomic:61:20: error: ‘noexcept’ does not name a type
     ~atomic_bool() noexcept = default;
                    ^
/usr/include/c++/4.8/atomic:66:5: error: ‘constexpr’ does not name a type
     constexpr atomic_bool(bool __i) noexcept : _M_base(__i) { }
     ^
/usr/include/c++/4.8/atomic:66:5: note: C++11 ‘constexpr’ only available with -std=c++11 or -std=gnu++11
/usr/include/c++/4.8/atomic:69:23: error: expected ‘;’ at end of member declaration
     operator=(bool __i) noexcept
                       ^
/usr/include/c++/4.8/atomic:69:25: error: ‘noexcept’ does not name a type
     operator=(bool __i) noexcept
                         ^
/usr/include/c++/4.8/atomic:73:25: error: expected ‘;’ at end of member declaration
     operator=(bool __i) volatile noexcept
                         ^
/usr/include/c++/4.8/atomic:73:34: error: ‘noexcept’ does not name a type
     operator=(bool __i) volatile noexcept
                                  ^
/usr/include/c++/4.8/atomic:76:21: error: expected ‘;’ at end of member declaration
     operator bool() const noexcept
                     ^
/usr/include/c++/4.8/atomic:76:27: error: ‘noexcept’ does not name a type
     operator bool() const noexcept
                           ^
/usr/include/c++/4.8/atomic:79:27: error: expected ‘;’ at end of member declaration
     operator bool() const volatile noexcept
                           ^
/usr/include/c++/4.8/atomic:79:36: error: ‘noexcept’ does not name a type
     operator bool() const volatile noexcept
                                    ^
/usr/include/c++/4.8/atomic:83:20: error: expected ‘;’ at end of member declaration
     is_lock_free() const noexcept { return _M_base.is_lock_free(); }
                    ^
/usr/include/c++/4.8/atomic:83:26: error: ‘noexcept’ does not name a type
     is_lock_free() const noexcept { return _M_base.is_lock_free(); }
                          ^
/usr/include/c++/4.8/atomic:86:26: error: expected ‘;’ at end of member declaration
     is_lock_free() const volatile noexcept { return _M_base.is_lock_free(); }
                          ^
/usr/include/c++/4.8/atomic:86:35: error: ‘noexcept’ does not name a type
     is_lock_free() const volatile noexcept { return _M_base.is_lock_free(); }
                                   ^
/usr/include/c++/4.8/atomic:89:60: error: expected ‘;’ at end of member declaration
     store(bool __i, memory_order __m = memory_order_seq_cst) noexcept
                                                            ^
/usr/include/c++/4.8/atomic:89:62: error: ‘noexcept’ does not name a type
     store(bool __i, memory_order __m = memory_order_seq_cst) noexcept
                                                              ^
/usr/include/c++/4.8/atomic:93:62: error: expected ‘;’ at end of member declaration
     store(bool __i, memory_order __m = memory_order_seq_cst) volatile noexcept
                                                              ^
/usr/include/c++/4.8/atomic:93:71: error: ‘noexcept’ does not name a type
     store(bool __i, memory_order __m = memory_order_seq_cst) volatile noexcept
                                                                       ^
/usr/include/c++/4.8/atomic:97:51: error: expected ‘;’ at end of member declaration
     load(memory_order __m = memory_order_seq_cst) const noexcept
                                                   ^
/usr/include/c++/4.8/atomic:97:57: error: ‘noexcept’ does not name a type
     load(memory_order __m = memory_order_seq_cst) const noexcept
                                                         ^
/usr/include/c++/4.8/atomic:101:57: error: expected ‘;’ at end of member declaration
     load(memory_order __m = memory_order_seq_cst) const volatile noexcept
                                                         ^
/usr/include/c++/4.8/atomic:101:66: error: ‘noexcept’ does not name a type
     load(memory_order __m = memory_order_seq_cst) const volatile noexcept
                                                                  ^
/usr/include/c++/4.8/atomic:105:63: error: expected ‘;’ at end of member declaration
     exchange(bool __i, memory_order __m = memory_order_seq_cst) noexcept
                                                               ^
/usr/include/c++/4.8/atomic:105:65: error: ‘noexcept’ does not name a type
     exchange(bool __i, memory_order __m = memory_order_seq_cst) noexcept
                                                                 ^
/usr/include/c++/4.8/atomic:110:48: error: expected ‘;’ at end of member declaration
       memory_order __m = memory_order_seq_cst) volatile noexcept
                                                ^
/usr/include/c++/4.8/atomic:110:57: error: ‘noexcept’ does not name a type
       memory_order __m = memory_order_seq_cst) volatile noexcept
                                                         ^
/usr/include/c++/4.8/atomic:115:23: error: expected ‘;’ at end of member declaration
      memory_order __m2) noexcept
                       ^
/usr/include/c++/4.8/atomic:115:25: error: ‘noexcept’ does not name a type
      memory_order __m2) noexcept
                         ^
/usr/include/c++/4.8/atomic:120:25: error: expected ‘;’ at end of member declaration
      memory_order __m2) volatile noexcept
                         ^
/usr/include/c++/4.8/atomic:120:34: error: ‘noexcept’ does not name a type
      memory_order __m2) volatile noexcept
                                  ^
/usr/include/c++/4.8/atomic:125:45: error: expected ‘;’ at end of member declaration
      memory_order __m = memory_order_seq_cst) noexcept
                                             ^
/usr/include/c++/4.8/atomic:125:47: error: ‘noexcept’ does not name a type
      memory_order __m = memory_order_seq_cst) noexcept
                                               ^
/usr/include/c++/4.8/atomic:130:49: error: expected ‘;’ at end of member declaration
        memory_order __m = memory_order_seq_cst) volatile noexcept
                                                 ^
/usr/include/c++/4.8/atomic:130:58: error: ‘noexcept’ does not name a type
        memory_order __m = memory_order_seq_cst) volatile noexcept
                                                          ^
/usr/include/c++/4.8/atomic:135:25: error: expected ‘;’ at end of member declaration
        memory_order __m2) noexcept
                         ^
/usr/include/c++/4.8/atomic:135:27: error: ‘noexcept’ does not name a type
        memory_order __m2) noexcept
                           ^
/usr/include/c++/4.8/atomic:140:27: error: expected ‘;’ at end of member declaration
        memory_order __m2) volatile noexcept
                           ^
/usr/include/c++/4.8/atomic:140:36: error: ‘noexcept’ does not name a type
        memory_order __m2) volatile noexcept
                                    ^
/usr/include/c++/4.8/atomic:145:47: error: expected ‘;’ at end of member declaration
        memory_order __m = memory_order_seq_cst) noexcept
                                               ^
/usr/include/c++/4.8/atomic:145:49: error: ‘noexcept’ does not name a type
        memory_order __m = memory_order_seq_cst) noexcept
                                                 ^
/usr/include/c++/4.8/atomic:150:48: error: expected ‘;’ at end of member declaration
       memory_order __m = memory_order_seq_cst) volatile noexcept
                                                ^
/usr/include/c++/4.8/atomic:150:57: error: ‘noexcept’ does not name a type
       memory_order __m = memory_order_seq_cst) volatile noexcept
                                                         ^
/usr/include/c++/4.8/atomic:167:14: error: expected ‘;’ at end of member declaration
       atomic() noexcept = default;
              ^
/usr/include/c++/4.8/atomic:167:16: error: ‘noexcept’ does not name a type
       atomic() noexcept = default;
                ^
/usr/include/c++/4.8/atomic:168:15: error: expected ‘;’ at end of member declaration
       ~atomic() noexcept = default;
               ^
/usr/include/c++/4.8/atomic:168:17: error: ‘noexcept’ does not name a type
       ~atomic() noexcept = default;
                 ^
/usr/include/c++/4.8/atomic:173:7: error: ‘constexpr’ does not name a type
       constexpr atomic(_Tp __i) noexcept : _M_i(__i) { }
       ^
/usr/include/c++/4.8/atomic:173:7: note: C++11 ‘constexpr’ only available with -std=c++11 or -std=gnu++11
/usr/include/c++/4.8/atomic:175:22: error: expected ‘;’ at end of member declaration
       operator _Tp() const noexcept
                      ^
/usr/include/c++/4.8/atomic:175:28: error: ‘noexcept’ does not name a type
       operator _Tp() const noexcept
                            ^
/usr/include/c++/4.8/atomic:178:28: error: expected ‘;’ at end of member declaration
       operator _Tp() const volatile noexcept
                            ^
/usr/include/c++/4.8/atomic:178:37: error: ‘noexcept’ does not name a type
       operator _Tp() const volatile noexcept
                                     ^
/usr/include/c++/4.8/atomic:182:24: error: expected ‘;’ at end of member declaration
       operator=(_Tp __i) noexcept 
                        ^
/usr/include/c++/4.8/atomic:182:26: error: ‘noexcept’ does not name a type
       operator=(_Tp __i) noexcept 
                          ^
/usr/include/c++/4.8/atomic:186:26: error: expected ‘;’ at end of member declaration
       operator=(_Tp __i) volatile noexcept 
                          ^
/usr/include/c++/4.8/atomic:186:35: error: ‘noexcept’ does not name a type
       operator=(_Tp __i) volatile noexcept 
                                   ^
/usr/include/c++/4.8/atomic:190:22: error: expected ‘;’ at end of member declaration
       is_lock_free() const noexcept
                      ^
/usr/include/c++/4.8/atomic:190:28: error: ‘noexcept’ does not name a type
       is_lock_free() const noexcept
                            ^
/usr/include/c++/4.8/atomic:194:28: error: expected ‘;’ at end of member declaration
       is_lock_free() const volatile noexcept
                            ^
/usr/include/c++/4.8/atomic:194:37: error: ‘noexcept’ does not name a type
       is_lock_free() const volatile noexcept
                                     ^
/usr/include/c++/4.8/atomic:198:60: error: expected ‘;’ at end of member declaration
       store(_Tp __i, memory_order _m = memory_order_seq_cst) noexcept
                                                            ^
/usr/include/c++/4.8/atomic:198:62: error: ‘noexcept’ does not name a type
       store(_Tp __i, memory_order _m = memory_order_seq_cst) noexcept
                                                              ^
/usr/include/c++/4.8/atomic:202:62: error: expected ‘;’ at end of member declaration
       store(_Tp __i, memory_order _m = memory_order_seq_cst) volatile noexcept
                                                              ^
/usr/include/c++/4.8/atomic:202:71: error: ‘noexcept’ does not name a type
       store(_Tp __i, memory_order _m = memory_order_seq_cst) volatile noexcept
                                                                       ^
/usr/include/c++/4.8/atomic:206:52: error: expected ‘;’ at end of member declaration
       load(memory_order _m = memory_order_seq_cst) const noexcept
                                                    ^
/usr/include/c++/4.8/atomic:206:58: error: ‘noexcept’ does not name a type
       load(memory_order _m = memory_order_seq_cst) const noexcept
                                                          ^
/usr/include/c++/4.8/atomic:214:58: error: expected ‘;’ at end of member declaration
       load(memory_order _m = memory_order_seq_cst) const volatile noexcept
                                                          ^
/usr/include/c++/4.8/atomic:214:67: error: ‘noexcept’ does not name a type
       load(memory_order _m = memory_order_seq_cst) const volatile noexcept
                                                                   ^
/usr/include/c++/4.8/atomic:222:63: error: expected ‘;’ at end of member declaration
       exchange(_Tp __i, memory_order _m = memory_order_seq_cst) noexcept
                                                               ^
/usr/include/c++/4.8/atomic:222:65: error: ‘noexcept’ does not name a type
       exchange(_Tp __i, memory_order _m = memory_order_seq_cst) noexcept
                                                                 ^
/usr/include/c++/4.8/atomic:231:49: error: expected ‘;’ at end of member declaration
         memory_order _m = memory_order_seq_cst) volatile noexcept
                                                 ^
/usr/include/c++/4.8/atomic:231:58: error: ‘noexcept’ does not name a type
         memory_order _m = memory_order_seq_cst) volatile noexcept
                                                          ^
/usr/include/c++/4.8/atomic:240:24: error: expected ‘;’ at end of member declaration
        memory_order __f) noexcept
                        ^
/usr/include/c++/4.8/atomic:240:26: error: ‘noexcept’ does not name a type
        memory_order __f) noexcept
                          ^
/usr/include/c++/4.8/atomic:247:26: error: expected ‘;’ at end of member declaration
        memory_order __f) volatile noexcept
                          ^
/usr/include/c++/4.8/atomic:247:35: error: ‘noexcept’ does not name a type
        memory_order __f) volatile noexcept
                                   ^
/usr/include/c++/4.8/atomic:254:47: error: expected ‘;’ at end of member declaration
        memory_order __m = memory_order_seq_cst) noexcept
                                               ^
/usr/include/c++/4.8/atomic:254:49: error: ‘noexcept’ does not name a type
        memory_order __m = memory_order_seq_cst) noexcept
                                                 ^
/usr/include/c++/4.8/atomic:259:49: error: expected ‘;’ at end of member declaration
        memory_order __m = memory_order_seq_cst) volatile noexcept
                                                 ^
/usr/include/c++/4.8/atomic:259:58: error: ‘noexcept’ does not name a type
        memory_order __m = memory_order_seq_cst) volatile noexcept
                                                          ^
/usr/include/c++/4.8/atomic:264:26: error: expected ‘;’ at end of member declaration
          memory_order __f) noexcept
                          ^
/usr/include/c++/4.8/atomic:264:28: error: ‘noexcept’ does not name a type
          memory_order __f) noexcept
                            ^
/usr/include/c++/4.8/atomic:271:28: error: expected ‘;’ at end of member declaration
          memory_order __f) volatile noexcept
                            ^
/usr/include/c++/4.8/atomic:271:37: error: ‘noexcept’ does not name a type
          memory_order __f) volatile noexcept
                                     ^
/usr/include/c++/4.8/atomic:278:50: error: expected ‘;’ at end of member declaration
           memory_order __m = memory_order_seq_cst) noexcept
                                                  ^
/usr/include/c++/4.8/atomic:278:52: error: ‘noexcept’ does not name a type
           memory_order __m = memory_order_seq_cst) noexcept
                                                    ^
/usr/include/c++/4.8/atomic:283:49: error: expected ‘;’ at end of member declaration
        memory_order __m = memory_order_seq_cst) volatile noexcept
                                                 ^
/usr/include/c++/4.8/atomic:283:58: error: ‘noexcept’ does not name a type
        memory_order __m = memory_order_seq_cst) volatile noexcept
                                                          ^
/usr/include/c++/4.8/atomic:296:14: error: expected ‘;’ at end of member declaration
       atomic() noexcept = default;
              ^
/usr/include/c++/4.8/atomic:296:16: error: ‘noexcept’ does not name a type
       atomic() noexcept = default;
                ^
/usr/include/c++/4.8/atomic:297:15: error: expected ‘;’ at end of member declaration
       ~atomic() noexcept = default;
               ^
/usr/include/c++/4.8/atomic:297:17: error: ‘noexcept’ does not name a type
       ~atomic() noexcept = default;
                 ^
/usr/include/c++/4.8/atomic:302:7: error: ‘constexpr’ does not name a type
       constexpr atomic(__pointer_type __p) noexcept : _M_b(__p) { }
       ^
/usr/include/c++/4.8/atomic:302:7: note: C++11 ‘constexpr’ only available with -std=c++11 or -std=gnu++11
/usr/include/c++/4.8/atomic:304:33: error: expected ‘;’ at end of member declaration
       operator __pointer_type() const noexcept
                                 ^
/usr/include/c++/4.8/atomic:304:39: error: ‘noexcept’ does not name a type
       operator __pointer_type() const noexcept
                                       ^
/usr/include/c++/4.8/atomic:307:39: error: expected ‘;’ at end of member declaration
       operator __pointer_type() const volatile noexcept
                                       ^
/usr/include/c++/4.8/atomic:307:48: error: ‘noexcept’ does not name a type
       operator __pointer_type() const volatile noexcept
                                                ^
/usr/include/c++/4.8/atomic:311:35: error: expected ‘;’ at end of member declaration
       operator=(__pointer_type __p) noexcept
                                   ^
/usr/include/c++/4.8/atomic:311:37: error: ‘noexcept’ does not name a type
       operator=(__pointer_type __p) noexcept
                                     ^
/usr/include/c++/4.8/atomic:315:37: error: expected ‘;’ at end of member declaration
       operator=(__pointer_type __p) volatile noexcept
                                     ^
/usr/include/c++/4.8/atomic:315:46: error: ‘noexcept’ does not name a type
       operator=(__pointer_type __p) volatile noexcept
                                              ^
/usr/include/c++/4.8/atomic:319:21: error: expected ‘;’ at end of member declaration
       operator++(int) noexcept
                     ^
/usr/include/c++/4.8/atomic:319:23: error: ‘noexcept’ does not name a type
       operator++(int) noexcept
                       ^
/usr/include/c++/4.8/atomic:323:23: error: expected ‘;’ at end of member declaration
       operator++(int) volatile noexcept
                       ^
/usr/include/c++/4.8/atomic:323:32: error: ‘noexcept’ does not name a type
       operator++(int) volatile noexcept
                                ^
/usr/include/c++/4.8/atomic:327:21: error: expected ‘;’ at end of member declaration
       operator--(int) noexcept
                     ^
/usr/include/c++/4.8/atomic:327:23: error: ‘noexcept’ does not name a type
       operator--(int) noexcept
                       ^
/usr/include/c++/4.8/atomic:331:23: error: expected ‘;’ at end of member declaration
       operator--(int) volatile noexcept
                       ^
/usr/include/c++/4.8/atomic:331:32: error: ‘noexcept’ does not name a type
       operator--(int) volatile noexcept
                                ^
/usr/include/c++/4.8/atomic:335:18: error: expected ‘;’ at end of member declaration
       operator++() noexcept
                  ^
/usr/include/c++/4.8/atomic:335:20: error: ‘noexcept’ does not name a type
       operator++() noexcept
                    ^
/usr/include/c++/4.8/atomic:339:20: error: expected ‘;’ at end of member declaration
       operator++() volatile noexcept
                    ^
/usr/include/c++/4.8/atomic:339:29: error: ‘noexcept’ does not name a type
       operator++() volatile noexcept
                             ^
/usr/include/c++/4.8/atomic:343:18: error: expected ‘;’ at end of member declaration
       operator--() noexcept
                  ^
/usr/include/c++/4.8/atomic:343:20: error: ‘noexcept’ does not name a type
       operator--() noexcept
                    ^
/usr/include/c++/4.8/atomic:347:20: error: expected ‘;’ at end of member declaration
       operator--() volatile noexcept
                    ^
/usr/include/c++/4.8/atomic:347:29: error: ‘noexcept’ does not name a type
       operator--() volatile noexcept
                             ^
/usr/include/c++/4.8/atomic:351:31: error: expected ‘;’ at end of member declaration
       operator+=(ptrdiff_t __d) noexcept
                               ^
/usr/include/c++/4.8/atomic:351:33: error: ‘noexcept’ does not name a type
       operator+=(ptrdiff_t __d) noexcept
                                 ^
/usr/include/c++/4.8/atomic:355:33: error: expected ‘;’ at end of member declaration
       operator+=(ptrdiff_t __d) volatile noexcept
                                 ^
/usr/include/c++/4.8/atomic:355:42: error: ‘noexcept’ does not name a type
       operator+=(ptrdiff_t __d) volatile noexcept
                                          ^
/usr/include/c++/4.8/atomic:359:31: error: expected ‘;’ at end of member declaration
       operator-=(ptrdiff_t __d) noexcept
                               ^
/usr/include/c++/4.8/atomic:359:33: error: ‘noexcept’ does not name a type
       operator-=(ptrdiff_t __d) noexcept
                                 ^
/usr/include/c++/4.8/atomic:363:33: error: expected ‘;’ at end of member declaration
       operator-=(ptrdiff_t __d) volatile noexcept
                                 ^
/usr/include/c++/4.8/atomic:363:42: error: ‘noexcept’ does not name a type
       operator-=(ptrdiff_t __d) volatile noexcept
                                          ^
/usr/include/c++/4.8/atomic:367:22: error: expected ‘;’ at end of member declaration
       is_lock_free() const noexcept
                      ^
/usr/include/c++/4.8/atomic:367:28: error: ‘noexcept’ does not name a type
       is_lock_free() const noexcept
                            ^
/usr/include/c++/4.8/atomic:371:28: error: expected ‘;’ at end of member declaration
       is_lock_free() const volatile noexcept
                            ^
/usr/include/c++/4.8/atomic:371:37: error: ‘noexcept’ does not name a type
       is_lock_free() const volatile noexcept
                                     ^
/usr/include/c++/4.8/atomic:376:45: error: expected ‘;’ at end of member declaration
      memory_order __m = memory_order_seq_cst) noexcept
                                             ^
/usr/include/c++/4.8/atomic:376:47: error: ‘noexcept’ does not name a type
      memory_order __m = memory_order_seq_cst) noexcept
                                               ^
/usr/include/c++/4.8/atomic:381:47: error: expected ‘;’ at end of member declaration
      memory_order __m = memory_order_seq_cst) volatile noexcept
                                               ^
/usr/include/c++/4.8/atomic:381:56: error: ‘noexcept’ does not name a type
      memory_order __m = memory_order_seq_cst) volatile noexcept
                                                        ^
/usr/include/c++/4.8/atomic:385:53: error: expected ‘;’ at end of member declaration
       load(memory_order __m = memory_order_seq_cst) const noexcept
                                                     ^
/usr/include/c++/4.8/atomic:385:59: error: ‘noexcept’ does not name a type
       load(memory_order __m = memory_order_seq_cst) const noexcept
                                                           ^
/usr/include/c++/4.8/atomic:389:59: error: expected ‘;’ at end of member declaration
       load(memory_order __m = memory_order_seq_cst) const volatile noexcept
                                                           ^
/usr/include/c++/4.8/atomic:389:68: error: ‘noexcept’ does not name a type
       load(memory_order __m = memory_order_seq_cst) const volatile noexcept
                                                                    ^
/usr/include/c++/4.8/atomic:394:48: error: expected ‘;’ at end of member declaration
         memory_order __m = memory_order_seq_cst) noexcept
                                                ^
/usr/include/c++/4.8/atomic:394:50: error: ‘noexcept’ does not name a type
         memory_order __m = memory_order_seq_cst) noexcept
                                                  ^
/usr/include/c++/4.8/atomic:399:50: error: expected ‘;’ at end of member declaration
         memory_order __m = memory_order_seq_cst) volatile noexcept
                                                  ^
/usr/include/c++/4.8/atomic:399:59: error: ‘noexcept’ does not name a type
         memory_order __m = memory_order_seq_cst) volatile noexcept
                                                           ^
/usr/include/c++/4.8/atomic:404:44: error: expected ‘;’ at end of member declaration
        memory_order __m1, memory_order __m2) noexcept
                                            ^
/usr/include/c++/4.8/atomic:404:46: error: ‘noexcept’ does not name a type
        memory_order __m1, memory_order __m2) noexcept
                                              ^
/usr/include/c++/4.8/atomic:410:27: error: expected ‘;’ at end of member declaration
        memory_order __m2) volatile noexcept
                           ^
/usr/include/c++/4.8/atomic:410:36: error: ‘noexcept’ does not name a type
        memory_order __m2) volatile noexcept
                                    ^
/usr/include/c++/4.8/atomic:415:47: error: expected ‘;’ at end of member declaration
        memory_order __m = memory_order_seq_cst) noexcept
                                               ^
/usr/include/c++/4.8/atomic:415:49: error: ‘noexcept’ does not name a type
        memory_order __m = memory_order_seq_cst) noexcept
                                                 ^
/usr/include/c++/4.8/atomic:423:48: error: expected ‘;’ at end of member declaration
       memory_order __m = memory_order_seq_cst) volatile noexcept
                                                ^
/usr/include/c++/4.8/atomic:423:57: error: ‘noexcept’ does not name a type
       memory_order __m = memory_order_seq_cst) volatile noexcept
                                                         ^
/usr/include/c++/4.8/atomic:431:46: error: expected ‘;’ at end of member declaration
          memory_order __m1, memory_order __m2) noexcept
                                              ^
/usr/include/c++/4.8/atomic:431:48: error: ‘noexcept’ does not name a type
          memory_order __m1, memory_order __m2) noexcept
                                                ^
/usr/include/c++/4.8/atomic:437:29: error: expected ‘;’ at end of member declaration
          memory_order __m2) volatile noexcept
                             ^
/usr/include/c++/4.8/atomic:437:38: error: ‘noexcept’ does not name a type
          memory_order __m2) volatile noexcept
                                      ^
/usr/include/c++/4.8/atomic:442:49: error: expected ‘;’ at end of member declaration
          memory_order __m = memory_order_seq_cst) noexcept
                                                 ^
/usr/include/c++/4.8/atomic:442:51: error: ‘noexcept’ does not name a type
          memory_order __m = memory_order_seq_cst) noexcept
                                                   ^
/usr/include/c++/4.8/atomic:450:48: error: expected ‘;’ at end of member declaration
       memory_order __m = memory_order_seq_cst) volatile noexcept
                                                ^
/usr/include/c++/4.8/atomic:450:57: error: ‘noexcept’ does not name a type
       memory_order __m = memory_order_seq_cst) volatile noexcept
                                                         ^
/usr/include/c++/4.8/atomic:458:42: error: expected ‘;’ at end of member declaration
   memory_order __m = memory_order_seq_cst) noexcept
                                          ^
/usr/include/c++/4.8/atomic:458:44: error: ‘noexcept’ does not name a type
   memory_order __m = memory_order_seq_cst) noexcept
                                            ^
/usr/include/c++/4.8/atomic:463:44: error: expected ‘;’ at end of member declaration
   memory_order __m = memory_order_seq_cst) volatile noexcept
                                            ^
/usr/include/c++/4.8/atomic:463:53: error: ‘noexcept’ does not name a type
   memory_order __m = memory_order_seq_cst) volatile noexcept
                                                     ^
/usr/include/c++/4.8/atomic:468:42: error: expected ‘;’ at end of member declaration
   memory_order __m = memory_order_seq_cst) noexcept
                                          ^
/usr/include/c++/4.8/atomic:468:44: error: ‘noexcept’ does not name a type
   memory_order __m = memory_order_seq_cst) noexcept
                                            ^
/usr/include/c++/4.8/atomic:473:44: error: expected ‘;’ at end of member declaration
   memory_order __m = memory_order_seq_cst) volatile noexcept
                                            ^
/usr/include/c++/4.8/atomic:473:53: error: ‘noexcept’ does not name a type
   memory_order __m = memory_order_seq_cst) volatile noexcept
                                                     ^
/usr/include/c++/4.8/atomic:485:14: error: expected ‘;’ at end of member declaration
       atomic() noexcept = default;
              ^
/usr/include/c++/4.8/atomic:485:16: error: ‘noexcept’ does not name a type
       atomic() noexcept = default;
                ^
/usr/include/c++/4.8/atomic:486:15: error: expected ‘;’ at end of member declaration
       ~atomic() noexcept = default;
               ^
/usr/include/c++/4.8/atomic:486:17: error: ‘noexcept’ does not name a type
       ~atomic() noexcept = default;
                 ^
/usr/include/c++/4.8/atomic:491:7: error: ‘constexpr’ does not name a type
       constexpr atomic(__integral_type __i) noexcept : __base_type(__i) { }
       ^
/usr/include/c++/4.8/atomic:491:7: note: C++11 ‘constexpr’ only available with -std=c++11 or -std=gnu++11
/usr/include/c++/4.8/atomic:504:14: error: expected ‘;’ at end of member declaration
       atomic() noexcept = default;
              ^
/usr/include/c++/4.8/atomic:504:16: error: ‘noexcept’ does not name a type
       atomic() noexcept = default;
                ^
/usr/include/c++/4.8/atomic:505:15: error: expected ‘;’ at end of member declaration
       ~atomic() noexcept = default;
               ^
/usr/include/c++/4.8/atomic:505:17: error: ‘noexcept’ does not name a type
       ~atomic() noexcept = default;
                 ^
/usr/include/c++/4.8/atomic:510:7: error: ‘constexpr’ does not name a type
       constexpr atomic(__integral_type __i) noexcept : __base_type(__i) { }
       ^
/usr/include/c++/4.8/atomic:510:7: note: C++11 ‘constexpr’ only available with -std=c++11 or -std=gnu++11
/usr/include/c++/4.8/atomic:523:14: error: expected ‘;’ at end of member declaration
       atomic() noexcept= default;
              ^
/usr/include/c++/4.8/atomic:523:16: error: ‘noexcept’ does not name a type
       atomic() noexcept= default;
                ^
/usr/include/c++/4.8/atomic:524:15: error: expected ‘;’ at end of member declaration
       ~atomic() noexcept = default;
               ^
/usr/include/c++/4.8/atomic:524:17: error: ‘noexcept’ does not name a type
       ~atomic() noexcept = default;
                 ^
/usr/include/c++/4.8/atomic:529:7: error: ‘constexpr’ does not name a type
       constexpr atomic(__integral_type __i) noexcept : __base_type(__i) { }
       ^
/usr/include/c++/4.8/atomic:529:7: note: C++11 ‘constexpr’ only available with -std=c++11 or -std=gnu++11
/usr/include/c++/4.8/atomic:542:14: error: expected ‘;’ at end of member declaration
       atomic() noexcept= default;
              ^
/usr/include/c++/4.8/atomic:542:16: error: ‘noexcept’ does not name a type
       atomic() noexcept= default;
                ^
/usr/include/c++/4.8/atomic:543:15: error: expected ‘;’ at end of member declaration
       ~atomic() noexcept = default;
               ^
/usr/include/c++/4.8/atomic:543:17: error: ‘noexcept’ does not name a type
       ~atomic() noexcept = default;
                 ^
/usr/include/c++/4.8/atomic:548:7: error: ‘constexpr’ does not name a type
       constexpr atomic(__integral_type __i) noexcept : __base_type(__i) { }
       ^
/usr/include/c++/4.8/atomic:548:7: note: C++11 ‘constexpr’ only available with -std=c++11 or -std=gnu++11
/usr/include/c++/4.8/atomic:561:14: error: expected ‘;’ at end of member declaration
       atomic() noexcept = default;
              ^
/usr/include/c++/4.8/atomic:561:16: error: ‘noexcept’ does not name a type
       atomic() noexcept = default;
                ^
/usr/include/c++/4.8/atomic:562:15: error: expected ‘;’ at end of member declaration
       ~atomic() noexcept = default;
               ^
/usr/include/c++/4.8/atomic:562:17: error: ‘noexcept’ does not name a type
       ~atomic() noexcept = default;
                 ^
/usr/include/c++/4.8/atomic:567:7: error: ‘constexpr’ does not name a type
       constexpr atomic(__integral_type __i) noexcept : __base_type(__i) { }
       ^
/usr/include/c++/4.8/atomic:567:7: note: C++11 ‘constexpr’ only available with -std=c++11 or -std=gnu++11
/usr/include/c++/4.8/atomic:580:14: error: expected ‘;’ at end of member declaration
       atomic() noexcept = default;
              ^
/usr/include/c++/4.8/atomic:580:16: error: ‘noexcept’ does not name a type
       atomic() noexcept = default;
                ^
/usr/include/c++/4.8/atomic:581:15: error: expected ‘;’ at end of member declaration
       ~atomic() noexcept = default;
               ^
/usr/include/c++/4.8/atomic:581:17: error: ‘noexcept’ does not name a type
       ~atomic() noexcept = default;
                 ^
/usr/include/c++/4.8/atomic:586:7: error: ‘constexpr’ does not name a type
       constexpr atomic(__integral_type __i) noexcept : __base_type(__i) { }
       ^
/usr/include/c++/4.8/atomic:586:7: note: C++11 ‘constexpr’ only available with -std=c++11 or -std=gnu++11
/usr/include/c++/4.8/atomic:599:14: error: expected ‘;’ at end of member declaration
       atomic() noexcept = default;
              ^
/usr/include/c++/4.8/atomic:599:16: error: ‘noexcept’ does not name a type
       atomic() noexcept = default;
                ^
/usr/include/c++/4.8/atomic:600:15: error: expected ‘;’ at end of member declaration
       ~atomic() noexcept = default;
               ^
/usr/include/c++/4.8/atomic:600:17: error: ‘noexcept’ does not name a type
       ~atomic() noexcept = default;
                 ^
/usr/include/c++/4.8/atomic:605:7: error: ‘constexpr’ does not name a type
       constexpr atomic(__integral_type __i) noexcept : __base_type(__i) { }
       ^
/usr/include/c++/4.8/atomic:605:7: note: C++11 ‘constexpr’ only available with -std=c++11 or -std=gnu++11
/usr/include/c++/4.8/atomic:618:14: error: expected ‘;’ at end of member declaration
       atomic() noexcept = default;
              ^
/usr/include/c++/4.8/atomic:618:16: error: ‘noexcept’ does not name a type
       atomic() noexcept = default;
                ^
/usr/include/c++/4.8/atomic:619:15: error: expected ‘;’ at end of member declaration
       ~atomic() noexcept = default;
               ^
/usr/include/c++/4.8/atomic:619:17: error: ‘noexcept’ does not name a type
       ~atomic() noexcept = default;
                 ^
/usr/include/c++/4.8/atomic:624:7: error: ‘constexpr’ does not name a type
       constexpr atomic(__integral_type __i) noexcept : __base_type(__i) { }
       ^
/usr/include/c++/4.8/atomic:624:7: note: C++11 ‘constexpr’ only available with -std=c++11 or -std=gnu++11
/usr/include/c++/4.8/atomic:637:14: error: expected ‘;’ at end of member declaration
       atomic() noexcept = default;
              ^
/usr/include/c++/4.8/atomic:637:16: error: ‘noexcept’ does not name a type
       atomic() noexcept = default;
                ^
/usr/include/c++/4.8/atomic:638:15: error: expected ‘;’ at end of member declaration
       ~atomic() noexcept = default;
               ^
/usr/include/c++/4.8/atomic:638:17: error: ‘noexcept’ does not name a type
       ~atomic() noexcept = default;
                 ^
/usr/include/c++/4.8/atomic:643:7: error: ‘constexpr’ does not name a type
       constexpr atomic(__integral_type __i) noexcept : __base_type(__i) { }
       ^
/usr/include/c++/4.8/atomic:643:7: note: C++11 ‘constexpr’ only available with -std=c++11 or -std=gnu++11
/usr/include/c++/4.8/atomic:656:14: error: expected ‘;’ at end of member declaration
       atomic() noexcept = default;
              ^
/usr/include/c++/4.8/atomic:656:16: error: ‘noexcept’ does not name a type
       atomic() noexcept = default;
                ^
/usr/include/c++/4.8/atomic:657:15: error: expected ‘;’ at end of member declaration
       ~atomic() noexcept = default;
               ^
/usr/include/c++/4.8/atomic:657:17: error: ‘noexcept’ does not name a type
       ~atomic() noexcept = default;
                 ^
/usr/include/c++/4.8/atomic:662:7: error: ‘constexpr’ does not name a type
       constexpr atomic(__integral_type __i) noexcept : __base_type(__i) { }
       ^
/usr/include/c++/4.8/atomic:662:7: note: C++11 ‘constexpr’ only available with -std=c++11 or -std=gnu++11
/usr/include/c++/4.8/atomic:675:14: error: expected ‘;’ at end of member declaration
       atomic() noexcept = default;
              ^
/usr/include/c++/4.8/atomic:675:16: error: ‘noexcept’ does not name a type
       atomic() noexcept = default;
                ^
/usr/include/c++/4.8/atomic:676:15: error: expected ‘;’ at end of member declaration
       ~atomic() noexcept = default;
               ^
/usr/include/c++/4.8/atomic:676:17: error: ‘noexcept’ does not name a type
       ~atomic() noexcept = default;
                 ^
/usr/include/c++/4.8/atomic:681:7: error: ‘constexpr’ does not name a type
       constexpr atomic(__integral_type __i) noexcept : __base_type(__i) { }
       ^
/usr/include/c++/4.8/atomic:681:7: note: C++11 ‘constexpr’ only available with -std=c++11 or -std=gnu++11
/usr/include/c++/4.8/atomic:694:14: error: expected ‘;’ at end of member declaration
       atomic() noexcept = default;
              ^
/usr/include/c++/4.8/atomic:694:16: error: ‘noexcept’ does not name a type
       atomic() noexcept = default;
                ^
/usr/include/c++/4.8/atomic:695:15: error: expected ‘;’ at end of member declaration
       ~atomic() noexcept = default;
               ^
/usr/include/c++/4.8/atomic:695:17: error: ‘noexcept’ does not name a type
       ~atomic() noexcept = default;
                 ^
/usr/include/c++/4.8/atomic:700:7: error: ‘constexpr’ does not name a type
       constexpr atomic(__integral_type __i) noexcept : __base_type(__i) { }
       ^
/usr/include/c++/4.8/atomic:700:7: note: C++11 ‘constexpr’ only available with -std=c++11 or -std=gnu++11
/usr/include/c++/4.8/atomic:713:14: error: expected ‘;’ at end of member declaration
       atomic() noexcept = default;
              ^
/usr/include/c++/4.8/atomic:713:16: error: ‘noexcept’ does not name a type
       atomic() noexcept = default;
                ^
/usr/include/c++/4.8/atomic:714:15: error: expected ‘;’ at end of member declaration
       ~atomic() noexcept = default;
               ^
/usr/include/c++/4.8/atomic:714:17: error: ‘noexcept’ does not name a type
       ~atomic() noexcept = default;
                 ^
/usr/include/c++/4.8/atomic:719:7: error: ‘constexpr’ does not name a type
       constexpr atomic(__integral_type __i) noexcept : __base_type(__i) { }
       ^
/usr/include/c++/4.8/atomic:719:7: note: C++11 ‘constexpr’ only available with -std=c++11 or -std=gnu++11
/usr/include/c++/4.8/atomic:727:19: error: ‘char16_t’ was not declared in this scope
     struct atomic<char16_t> : public atomic_char16_t
                   ^
/usr/include/c++/4.8/atomic:727:27: error: template argument 1 is invalid
     struct atomic<char16_t> : public atomic_char16_t
                           ^
/usr/include/c++/4.8/atomic:728:5: error: expected class-name before ‘{’ token
     {
     ^
/usr/include/c++/4.8/atomic:746:19: error: ‘char32_t’ was not declared in this scope
     struct atomic<char32_t> : public atomic_char32_t
                   ^
/usr/include/c++/4.8/atomic:746:27: error: template argument 1 is invalid
     struct atomic<char32_t> : public atomic_char32_t
                           ^
/usr/include/c++/4.8/atomic:747:5: error: expected class-name before ‘{’ token
     {
     ^
/usr/include/c++/4.8/atomic:767:27: error: expected initializer before ‘noexcept’
         memory_order __m) noexcept
                           ^
/usr/include/c++/4.8/atomic:772:27: error: expected initializer before ‘noexcept’
         memory_order __m) noexcept
                           ^
/usr/include/c++/4.8/atomic:776:66: error: expected initializer before ‘noexcept’
   atomic_flag_clear_explicit(atomic_flag* __a, memory_order __m) noexcept
                                                                  ^
/usr/include/c++/4.8/atomic:781:27: error: expected initializer before ‘noexcept’
         memory_order __m) noexcept
                           ^
/usr/include/c++/4.8/atomic:785:46: error: expected initializer before ‘noexcept’
   atomic_flag_test_and_set(atomic_flag* __a) noexcept
                                              ^
/usr/include/c++/4.8/atomic:789:55: error: expected initializer before ‘noexcept’
   atomic_flag_test_and_set(volatile atomic_flag* __a) noexcept
                                                       ^
/usr/include/c++/4.8/atomic:793:39: error: expected initializer before ‘noexcept’
   atomic_flag_clear(atomic_flag* __a) noexcept
                                       ^
/usr/include/c++/4.8/atomic:797:48: error: expected initializer before ‘noexcept’
   atomic_flag_clear(volatile atomic_flag* __a) noexcept
                                                ^
/usr/include/c++/4.8/atomic:804:50: error: expected initializer before ‘noexcept’
     atomic_is_lock_free(const atomic<_ITp>* __a) noexcept
                                                  ^
/usr/include/c++/4.8/atomic:809:59: error: expected initializer before ‘noexcept’
     atomic_is_lock_free(const volatile atomic<_ITp>* __a) noexcept
                                                           ^
/usr/include/c++/4.8/atomic:814:46: error: expected initializer before ‘noexcept’
     atomic_init(atomic<_ITp>* __a, _ITp __i) noexcept;
                                              ^
/usr/include/c++/4.8/atomic:818:55: error: expected initializer before ‘noexcept’
     atomic_init(volatile atomic<_ITp>* __a, _ITp __i) noexcept;
                                                       ^
/usr/include/c++/4.8/atomic:823:24: error: expected initializer before ‘noexcept’
      memory_order __m) noexcept
                        ^
/usr/include/c++/4.8/atomic:829:24: error: expected initializer before ‘noexcept’
      memory_order __m) noexcept
                        ^
/usr/include/c++/4.8/atomic:834:69: error: expected initializer before ‘noexcept’
     atomic_load_explicit(const atomic<_ITp>* __a, memory_order __m) noexcept
                                                                     ^
/usr/include/c++/4.8/atomic:840:23: error: expected initializer before ‘noexcept’
     memory_order __m) noexcept
                       ^
/usr/include/c++/4.8/atomic:846:27: error: expected initializer before ‘noexcept’
         memory_order __m) noexcept
                           ^
/usr/include/c++/4.8/atomic:852:27: error: expected initializer before ‘noexcept’
         memory_order __m) noexcept
                           ^
/usr/include/c++/4.8/atomic:860:27: error: expected initializer before ‘noexcept’
        memory_order __m2) noexcept
                           ^
/usr/include/c++/4.8/atomic:868:27: error: expected initializer before ‘noexcept’
        memory_order __m2) noexcept
                           ^
/usr/include/c++/4.8/atomic:876:29: error: expected initializer before ‘noexcept’
          memory_order __m2) noexcept
                             ^
/usr/include/c++/4.8/atomic:884:29: error: expected initializer before ‘noexcept’
          memory_order __m2) noexcept
                             ^
/usr/include/c++/4.8/atomic:890:47: error: expected initializer before ‘noexcept’
     atomic_store(atomic<_ITp>* __a, _ITp __i) noexcept
                                               ^
/usr/include/c++/4.8/atomic:895:56: error: expected initializer before ‘noexcept’
     atomic_store(volatile atomic<_ITp>* __a, _ITp __i) noexcept
                                                        ^
/usr/include/c++/4.8/atomic:900:42: error: expected initializer before ‘noexcept’
     atomic_load(const atomic<_ITp>* __a) noexcept
                                          ^
/usr/include/c++/4.8/atomic:905:51: error: expected initializer before ‘noexcept’
     atomic_load(const volatile atomic<_ITp>* __a) noexcept
                                                   ^
/usr/include/c++/4.8/atomic:910:50: error: expected initializer before ‘noexcept’
     atomic_exchange(atomic<_ITp>* __a, _ITp __i) noexcept
                                                  ^
/usr/include/c++/4.8/atomic:915:59: error: expected initializer before ‘noexcept’
     atomic_exchange(volatile atomic<_ITp>* __a, _ITp __i) noexcept
                                                           ^
/usr/include/c++/4.8/atomic:921:29: error: expected initializer before ‘noexcept’
      _ITp* __i1, _ITp __i2) noexcept
                             ^
/usr/include/c++/4.8/atomic:931:29: error: expected initializer before ‘noexcept’
      _ITp* __i1, _ITp __i2) noexcept
                             ^
/usr/include/c++/4.8/atomic:941:31: error: expected initializer before ‘noexcept’
        _ITp* __i1, _ITp __i2) noexcept
                               ^
/usr/include/c++/4.8/atomic:951:31: error: expected initializer before ‘noexcept’
        _ITp* __i1, _ITp __i2) noexcept
                               ^
/usr/include/c++/4.8/atomic:965:28: error: expected initializer before ‘noexcept’
          memory_order __m) noexcept
                            ^
/usr/include/c++/4.8/atomic:971:28: error: expected initializer before ‘noexcept’
          memory_order __m) noexcept
                            ^
/usr/include/c++/4.8/atomic:977:28: error: expected initializer before ‘noexcept’
          memory_order __m) noexcept
                            ^
/usr/include/c++/4.8/atomic:983:28: error: expected initializer before ‘noexcept’
          memory_order __m) noexcept
                            ^
/usr/include/c++/4.8/atomic:989:28: error: expected initializer before ‘noexcept’
          memory_order __m) noexcept
                            ^
/usr/include/c++/4.8/atomic:995:28: error: expected initializer before ‘noexcept’
          memory_order __m) noexcept
                            ^
/usr/include/c++/4.8/atomic:1001:27: error: expected initializer before ‘noexcept’
         memory_order __m) noexcept
                           ^
/usr/include/c++/4.8/atomic:1007:27: error: expected initializer before ‘noexcept’
         memory_order __m) noexcept
                           ^
/usr/include/c++/4.8/atomic:1013:28: error: expected initializer before ‘noexcept’
          memory_order __m) noexcept
                            ^
/usr/include/c++/4.8/atomic:1019:28: error: expected initializer before ‘noexcept’
          memory_order __m) noexcept
                            ^
/usr/include/c++/4.8/atomic:1024:58: error: expected initializer before ‘noexcept’
     atomic_fetch_add(__atomic_base<_ITp>* __a, _ITp __i) noexcept
                                                          ^
/usr/include/c++/4.8/atomic:1029:67: error: expected initializer before ‘noexcept’
     atomic_fetch_add(volatile __atomic_base<_ITp>* __a, _ITp __i) noexcept
                                                                   ^
/usr/include/c++/4.8/atomic:1034:58: error: expected initializer before ‘noexcept’
     atomic_fetch_sub(__atomic_base<_ITp>* __a, _ITp __i) noexcept
                                                          ^
/usr/include/c++/4.8/atomic:1039:67: error: expected initializer before ‘noexcept’
     atomic_fetch_sub(volatile __atomic_base<_ITp>* __a, _ITp __i) noexcept
                                                                   ^
/usr/include/c++/4.8/atomic:1044:58: error: expected initializer before ‘noexcept’
     atomic_fetch_and(__atomic_base<_ITp>* __a, _ITp __i) noexcept
                                                          ^
/usr/include/c++/4.8/atomic:1049:67: error: expected initializer before ‘noexcept’
     atomic_fetch_and(volatile __atomic_base<_ITp>* __a, _ITp __i) noexcept
                                                                   ^
/usr/include/c++/4.8/atomic:1054:57: error: expected initializer before ‘noexcept’
     atomic_fetch_or(__atomic_base<_ITp>* __a, _ITp __i) noexcept
                                                         ^
/usr/include/c++/4.8/atomic:1059:66: error: expected initializer before ‘noexcept’
     atomic_fetch_or(volatile __atomic_base<_ITp>* __a, _ITp __i) noexcept
                                                                  ^
/usr/include/c++/4.8/atomic:1064:58: error: expected initializer before ‘noexcept’
     atomic_fetch_xor(__atomic_base<_ITp>* __a, _ITp __i) noexcept
                                                          ^
/usr/include/c++/4.8/atomic:1069:67: error: expected initializer before ‘noexcept’
     atomic_fetch_xor(volatile __atomic_base<_ITp>* __a, _ITp __i) noexcept
                                                                   ^
/usr/include/c++/4.8/atomic:1077:28: error: expected initializer before ‘noexcept’
          memory_order __m) noexcept
                            ^
/usr/include/c++/4.8/atomic:1083:28: error: expected initializer before ‘noexcept’
          memory_order __m) noexcept
                            ^
/usr/include/c++/4.8/atomic:1088:66: error: expected initializer before ‘noexcept’
     atomic_fetch_add(volatile atomic<_ITp*>* __a, ptrdiff_t __d) noexcept
                                                                  ^
/usr/include/c++/4.8/atomic:1093:57: error: expected initializer before ‘noexcept’
     atomic_fetch_add(atomic<_ITp*>* __a, ptrdiff_t __d) noexcept
                                                         ^
/usr/include/c++/4.8/atomic:1099:43: error: expected initializer before ‘noexcept’
          ptrdiff_t __d, memory_order __m) noexcept
                                           ^
/usr/include/c++/4.8/atomic:1105:28: error: expected initializer before ‘noexcept’
          memory_order __m) noexcept
                            ^
/usr/include/c++/4.8/atomic:1110:66: error: expected initializer before ‘noexcept’
     atomic_fetch_sub(volatile atomic<_ITp*>* __a, ptrdiff_t __d) noexcept
                                                                  ^
/usr/include/c++/4.8/atomic:1115:57: error: expected initializer before ‘noexcept’
     atomic_fetch_sub(atomic<_ITp*>* __a, ptrdiff_t __d) noexcept
                                                         ^
/root/workspace/github/CPlusProject/KSDataConnector/external_lib/log4cplus/src/lib-log4cplus-build/CMakeFiles/CMakeTmp/src.cxx: In function ‘void test_atomic()’:
/root/workspace/github/CPlusProject/KSDataConnector/external_lib/log4cplus/src/lib-log4cplus-build/CMakeFiles/CMakeTmp/src.cxx:7:8: error: ‘atomic_fetch_add_explicit’ is not a member of ‘std’
        std::atomic_fetch_add_explicit(&x, static_cast<T>(1), std::memory_order_acquire);
        ^
/root/workspace/github/CPlusProject/KSDataConnector/external_lib/log4cplus/src/lib-log4cplus-build/CMakeFiles/CMakeTmp/src.cxx:8:8: error: ‘atomic_fetch_sub_explicit’ is not a member of ‘std’
        std::atomic_fetch_sub_explicit(&x, static_cast<T>(1), std::memory_order_release);
        ^
/root/workspace/github/CPlusProject/KSDataConnector/external_lib/log4cplus/src/lib-log4cplus-build/CMakeFiles/CMakeTmp/src.cxx: In function ‘int main()’:
/root/workspace/github/CPlusProject/KSDataConnector/external_lib/log4cplus/src/lib-log4cplus-build/CMakeFiles/CMakeTmp/src.cxx:17:8: error: ‘atomic_thread_fence’ is not a member of ‘std’
        std::atomic_thread_fence(std::memory_order_acquire);
        ^
/root/workspace/github/CPlusProject/KSDataConnector/external_lib/log4cplus/src/lib-log4cplus-build/CMakeFiles/CMakeTmp/src.cxx: In instantiation of ‘void test_atomic() [with T = int]’:
/root/workspace/github/CPlusProject/KSDataConnector/external_lib/log4cplus/src/lib-log4cplus-build/CMakeFiles/CMakeTmp/src.cxx:13:25:   required from here
/root/workspace/github/CPlusProject/KSDataConnector/external_lib/log4cplus/src/lib-log4cplus-build/CMakeFiles/CMakeTmp/src.cxx:6:26: error: no matching function for call to ‘std::atomic<int>::atomic(int)’
        std::atomic<T> x(0);
                          ^
/root/workspace/github/CPlusProject/KSDataConnector/external_lib/log4cplus/src/lib-log4cplus-build/CMakeFiles/CMakeTmp/src.cxx:6:26: note: candidate is:
In file included from /root/workspace/github/CPlusProject/KSDataConnector/external_lib/log4cplus/src/lib-log4cplus-build/CMakeFiles/CMakeTmp/src.cxx:1:0:
/usr/include/c++/4.8/atomic:599:7: note: std::atomic<int>::atomic()
       atomic() noexcept = default;
       ^
/usr/include/c++/4.8/atomic:599:7: note:   candidate expects 0 arguments, 1 provided
/root/workspace/github/CPlusProject/KSDataConnector/external_lib/log4cplus/src/lib-log4cplus-build/CMakeFiles/CMakeTmp/src.cxx: In instantiation of ‘void test_atomic() [with T = unsigned int]’:
/root/workspace/github/CPlusProject/KSDataConnector/external_lib/log4cplus/src/lib-log4cplus-build/CMakeFiles/CMakeTmp/src.cxx:14:34:   required from here
/root/workspace/github/CPlusProject/KSDataConnector/external_lib/log4cplus/src/lib-log4cplus-build/CMakeFiles/CMakeTmp/src.cxx:6:26: error: no matching function for call to ‘std::atomic<unsigned int>::atomic(int)’
        std::atomic<T> x(0);
                          ^
/root/workspace/github/CPlusProject/KSDataConnector/external_lib/log4cplus/src/lib-log4cplus-build/CMakeFiles/CMakeTmp/src.cxx:6:26: note: candidate is:
make[4]: Leaving directory `/root/workspace/github/CPlusProject/KSDataConnector/external_lib/log4cplus/src/lib-log4cplus-build/CMakeFiles/CMakeTmp'
make[3]: Leaving directory `/root/workspace/github/CPlusProject/KSDataConnector/external_lib/log4cplus/src/lib-log4cplus-build/CMakeFiles/CMakeTmp'
In file included from /root/workspace/github/CPlusProject/KSDataConnector/external_lib/log4cplus/src/lib-log4cplus-build/CMakeFiles/CMakeTmp/src.cxx:1:0:
/usr/include/c++/4.8/atomic:618:7: note: std::atomic<unsigned int>::atomic()
       atomic() noexcept = default;
       ^
/usr/include/c++/4.8/atomic:618:7: note:   candidate expects 0 arguments, 1 provided
/root/workspace/github/CPlusProject/KSDataConnector/external_lib/log4cplus/src/lib-log4cplus-build/CMakeFiles/CMakeTmp/src.cxx: In instantiation of ‘void test_atomic() [with T = long int]’:
/root/workspace/github/CPlusProject/KSDataConnector/external_lib/log4cplus/src/lib-log4cplus-build/CMakeFiles/CMakeTmp/src.cxx:15:26:   required from here
/root/workspace/github/CPlusProject/KSDataConnector/external_lib/log4cplus/src/lib-log4cplus-build/CMakeFiles/CMakeTmp/src.cxx:6:26: error: no matching function for call to ‘std::atomic<long int>::atomic(int)’
        std::atomic<T> x(0);
                          ^
/root/workspace/github/CPlusProject/KSDataConnector/external_lib/log4cplus/src/lib-log4cplus-build/CMakeFiles/CMakeTmp/src.cxx:6:26: note: candidate is:
In file included from /root/workspace/github/CPlusProject/KSDataConnector/external_lib/log4cplus/src/lib-log4cplus-build/CMakeFiles/CMakeTmp/src.cxx:1:0:
/usr/include/c++/4.8/atomic:637:7: note: std::atomic<long int>::atomic()
       atomic() noexcept = default;
       ^
/usr/include/c++/4.8/atomic:637:7: note:   candidate expects 0 arguments, 1 provided
/root/workspace/github/CPlusProject/KSDataConnector/external_lib/log4cplus/src/lib-log4cplus-build/CMakeFiles/CMakeTmp/src.cxx: In instantiation of ‘void test_atomic() [with T = long unsigned int]’:
/root/workspace/github/CPlusProject/KSDataConnector/external_lib/log4cplus/src/lib-log4cplus-build/CMakeFiles/CMakeTmp/src.cxx:16:35:   required from here
/root/workspace/github/CPlusProject/KSDataConnector/external_lib/log4cplus/src/lib-log4cplus-build/CMakeFiles/CMakeTmp/src.cxx:6:26: error: no matching function for call to ‘std::atomic<long unsigned int>::atomic(int)’
        std::atomic<T> x(0);
                          ^
/root/workspace/github/CPlusProject/KSDataConnector/external_lib/log4cplus/src/lib-log4cplus-build/CMakeFiles/CMakeTmp/src.cxx:6:26: note: candidate is:
In file included from /root/workspace/github/CPlusProject/KSDataConnector/external_lib/log4cplus/src/lib-log4cplus-build/CMakeFiles/CMakeTmp/src.cxx:1:0:
/usr/include/c++/4.8/atomic:656:7: note: std::atomic<long unsigned int>::atomic()
       atomic() noexcept = default;
       ^
/usr/include/c++/4.8/atomic:656:7: note:   candidate expects 0 arguments, 1 provided
make[4]: *** [CMakeFiles/cmTryCompileExec687407727.dir/src.cxx.o] Error 1
make[3]: *** [cmTryCompileExec687407727/fast] Error 2

Source file was:
#include <atomic>

   template<typename T>
   void test_atomic()
   {
       std::atomic<T> x(0);
       std::atomic_fetch_add_explicit(&x, static_cast<T>(1), std::memory_order_acquire);
       std::atomic_fetch_sub_explicit(&x, static_cast<T>(1), std::memory_order_release);
   }

   int main()
   {
       test_atomic<int>();
       test_atomic<unsigned int>();
       test_atomic<long>();
       test_atomic<unsigned long>();
       std::atomic_thread_fence(std::memory_order_acquire);
       return 0;
   }
